2020-11-23 07:43:46.8300 INFO NEW LOGIN
2020-11-23 07:43:47.3850 INFO NEW LOGIN
2020-11-23 07:43:55.7259 INFO NEW LOGIN
2020-11-23 07:44:02.6903 INFO NEW LOGIN
2020-11-23 07:44:11.4643 INFO NEW LOGIN
2020-11-23 10:53:45.3409 INFO 11/23/2020 10:53:45 AM
2020-11-23 10:56:20.8548 INFO 11/23/2020 10:56:20 AM
2020-11-23 10:56:38.5548 INFO Connection to Simbrella Loan Offer Report was successful!
2020-11-23 10:56:39.7407 INFO  Simbrella Loan Offer Report data fetched from database successfully
2020-11-23 10:57:14.8856 INFO start date:01-Jan-2018
2020-11-23 10:57:14.8856 INFO end date:29-Oct-2020
2020-11-23 10:57:14.8856 INFO  Simbrella Loan Offer Report Loaded Successfully
2020-11-23 12:28:48.1831 INFO NEW LOGIN
2020-11-23 12:49:28.9545 INFO Home Page Loaded: 11/23/2020 12:49:28 PM
2020-11-23 12:50:33.5875 INFO 11/23/2020 12:50:33 PM
2020-11-23 13:04:11.9992 INFO 11/23/2020 1:04:11 PM
2020-11-23 13:04:26.3963 INFO Connection to database to fetch Salary Top-Up Plus Loan Offer Report!
2020-11-23 13:04:30.3071 INFO Reader is not null..
2020-11-23 13:04:30.3071 INFO  Salary Top-Up Plus Loan Offer Report data fetched from database successfully
2020-11-23 13:05:02.2811 INFO start date:01-Jan-2018
2020-11-23 13:05:02.2811 INFO end date:27-Oct-2020
2020-11-23 13:05:02.2811 INFO Salary Top-Up Plus Loan Report Loaded Successful
2020-11-23 13:56:12.1064 INFO NEW LOGIN
2020-11-23 13:57:04.7702 INFO Home Page Loaded: 11/23/2020 1:57:04 PM
2020-11-23 13:58:18.2892 INFO Home Page Loaded: 11/23/2020 1:58:18 PM
