2020-12-03 02:48:50.3457 INFO 12/3/2020 2:48:50 AM
2020-12-03 02:52:27.1834 INFO 12/3/2020 2:52:27 AM
2020-12-03 02:52:53.4097 INFO Connection to Simbrella Loan Offer Report was successful!
2020-12-03 02:52:54.7736 INFO  Simbrella Loan Offer Report data fetched from database successfully
2020-12-03 02:53:23.2189 INFO start date:01-Jan-2016
2020-12-03 02:53:23.2189 INFO end date:02-Dec-2020
2020-12-03 02:53:23.2189 INFO  Simbrella Loan Offer Report Loaded Successfully
2020-12-03 02:55:04.6446 INFO 12/3/2020 2:55:04 AM
2020-12-03 08:43:14.9353 INFO 12/3/2020 8:43:14 AM
2020-12-03 09:39:08.5827 INFO NEW LOGIN
2020-12-03 09:39:12.9264 INFO Home Page Loaded: 12/3/2020 9:39:12 AM
2020-12-03 09:41:58.8090 INFO 12/3/2020 9:41:58 AM
2020-12-03 09:42:21.6206 INFO 12/3/2020 9:42:21 AM
2020-12-03 09:44:45.2150 INFO 12/3/2020 9:44:45 AM
2020-12-03 10:10:25.8949 INFO Connection to Simbrella Loan Offer Report was successful!
2020-12-03 10:10:28.3067 INFO  Simbrella Loan Offer Report data fetched from database successfully
2020-12-03 10:11:50.3896 INFO start date:01-Jan-2017
2020-12-03 10:11:50.3896 INFO end date:02-Dec-2020
2020-12-03 10:11:50.3896 INFO  Simbrella Loan Offer Report Loaded Successfully
2020-12-03 09:46:10.3158 INFO 12/3/2020 9:46:10 AM
