2020-11-16 18:39:48.4976 INFO 11/16/2020 6:39:48 PM
2020-11-16 18:41:08.2534 INFO 11/16/2020 6:41:08 PM
2020-11-16 18:42:06.9682 INFO 11/16/2020 6:42:06 PM
2020-11-16 18:44:09.5234 INFO 11/16/2020 6:44:09 PM
2020-11-16 18:44:57.6983 INFO 11/16/2020 6:44:57 PM
2020-11-16 18:45:09.0517 INFO Connection to database to fetch Salary Top-Up Plus Loan Offer Report!
2020-11-16 18:45:13.3456 INFO Reader is not null..
2020-11-16 18:45:17.2854 INFO  Salary Top-Up Plus Loan Offer Report data fetched from database successfully
2020-11-16 18:45:43.0492 INFO Reader is not null..
2020-11-16 18:45:47.2740 ERROR System.InvalidOperationException: Invalid attempt to call HasRows when reader is closed.
   at System.Data.SqlClient.SqlDataReader.get_HasRows()
   at LoanOFFER.Data.DAL.LoanOfferDb.GetSalaryTopPlus(String phoneNo, String RequestDate, String LogDate) in C:\Users\HP PC\Source\Repos\329 Loan Offer\329 Loan Offer Project\LoanOFFER.Data\DAL\LoanOfferDb.cs:line 273
2020-11-16 19:03:14.1458 INFO 11/16/2020 7:03:14 PM
2020-11-16 19:04:00.6567 INFO 11/16/2020 7:04:00 PM
2020-11-16 19:04:15.6350 INFO Connection to database to fetch Salary Top-Up Plus Loan Offer Report!
2020-11-16 19:04:20.6898 INFO Reader is not null..
2020-11-16 19:04:28.1775 INFO  Salary Top-Up Plus Loan Offer Report data fetched from database successfully
2020-11-16 19:04:50.5845 INFO start date:01-Jan-2018
2020-11-16 19:04:50.5845 INFO end date:28-Oct-2020
2020-11-16 19:04:50.5845 INFO Salary Top-Up Plus Loan Report Loaded Successful
2020-11-16 19:53:52.1438 INFO NEW LOGIN
2020-11-16 19:54:07.9158 INFO System.InvalidOperationException: The model backing the 'RoleDBContext' context has changed since the database was created. Consider using Code First Migrations to update the database (http://go.microsoft.com/fwlink/?LinkId=238269).
   at System.Data.Entity.CreateDatabaseIfNotExists`1.InitializeDatabase(TContext context)
   at System.Data.Entity.Internal.InternalContext.<>c__DisplayClassf`1.<CreateInitializationAction>b__e()
   at System.Data.Entity.Internal.InternalContext.PerformInitializationAction(Action action)
   at System.Data.Entity.Internal.InternalContext.PerformDatabaseInitialization()
   at System.Data.Entity.Internal.LazyInternalContext.<InitializeDatabase>b__4(InternalContext c)
   at System.Data.Entity.Internal.RetryAction`1.PerformAction(TInput input)
   at System.Data.Entity.Internal.LazyInternalContext.InitializeDatabaseAction(Action`1 action)
   at System.Data.Entity.Internal.LazyInternalContext.InitializeDatabase()
   at System.Data.Entity.Internal.InternalContext.Initialize()
   at System.Data.Entity.Internal.InternalContext.GetEntitySetAndBaseTypeForType(Type entityType)
   at System.Data.Entity.Internal.Linq.InternalSet`1.Initialize()
   at System.Data.Entity.Internal.Linq.InternalSet`1.get_InternalContext()
   at System.Data.Entity.Infrastructure.DbQuery`1.System.Linq.IQueryable.get_Provider()
   at System.Linq.Queryable.Any[TSource](IQueryable`1 source)
   at LoanOFFER.Web.Models.LoginUserDB.ValidLogin(String UserId, String password, String hostName) in C:\Users\HP PC\Source\Repos\329 Loan Offer\329 Loan Offer Project\LoanOFFER.Web\Models\LoginUserDB.cs:line 40
2020-11-16 19:54:07.9348 INFO Incorrect login details
2020-11-16 19:54:08.1708 INFO Home Page Loaded: 11/16/2020 7:54:08 PM
2020-11-16 19:54:37.5209 INFO 11/16/2020 7:54:37 PM
2020-11-16 19:55:07.0620 INFO 11/16/2020 7:55:07 PM
2020-11-16 19:55:36.7731 INFO 11/16/2020 7:55:36 PM
2020-11-16 19:57:17.3164 INFO Connection to database to fetch Salary Top-Up Plus Loan Offer Report!
2020-11-16 19:57:21.7822 INFO Reader is not null..
2020-11-16 19:57:38.9731 INFO Connection to database to fetch Salary Top-Up Plus Loan Offer Report!
2020-11-16 20:01:11.5311 INFO 11/16/2020 8:01:11 PM
2020-11-16 22:16:30.9427 INFO 11/16/2020 10:16:30 PM
2020-11-16 22:18:14.9731 INFO 11/16/2020 10:18:14 PM
2020-11-16 22:18:44.7460 INFO Connection to database to fetch Salary Top-Up Plus Loan Offer Report!
2020-11-16 22:19:07.2515 INFO Connection to database to fetch Salary Top-Up Plus Loan Offer Report!
2020-11-16 22:20:19.8160 INFO Connection to database to fetch Salary Top-Up Plus Loan Offer Report!
2020-11-16 22:22:03.3569 INFO Connection to database to fetch Salary Top-Up Plus Loan Offer Report!
2020-11-16 22:22:09.3886 ERROR System.Data.SqlClient.SqlException (0x80131904): Incorrect syntax near 'USSDBanking'.
   at System.Data.SqlClient.SqlConnection.OnError(SqlException exception, Boolean breakConnection, Action`1 wrapCloseInAction)
   at System.Data.SqlClient.SqlInternalConnection.OnError(SqlException exception, Boolean breakConnection, Action`1 wrapCloseInAction)
   at System.Data.SqlClient.TdsParser.ThrowExceptionAndWarning(TdsParserStateObject stateObj, Boolean callerHasConnectionLock, Boolean asyncClose)
   at System.Data.SqlClient.TdsParser.TryRun(RunBehavior runBehavior, SqlCommand cmdHandler, SqlDataReader dataStream, BulkCopySimpleResultSet bulkCopyHandler, TdsParserStateObject stateObj, Boolean& dataReady)
   at System.Data.SqlClient.SqlDataReader.TryConsumeMetaData()
   at System.Data.SqlClient.SqlDataReader.get_MetaData()
   at System.Data.SqlClient.SqlCommand.FinishExecuteReader(SqlDataReader ds, RunBehavior runBehavior, String resetOptionsString, Boolean isInternal, Boolean forDescribeParameterEncryption, Boolean shouldCacheForAlwaysEncrypted)
   at System.Data.SqlClient.SqlCommand.RunExecuteReaderTds(CommandBehavior cmdBehavior, RunBehavior runBehavior, Boolean returnStream, Boolean async, Int32 timeout, Task& task, Boolean asyncWrite, Boolean inRetry, SqlDataReader ds, Boolean describeParameterEncryptionRequest)
   at System.Data.SqlClient.SqlCommand.RunExecuteReader(CommandBehavior cmdBehavior, RunBehavior runBehavior, Boolean returnStream, String method, TaskCompletionSource`1 completion, Int32 timeout, Task& task, Boolean& usedCache, Boolean asyncWrite, Boolean inRetry)
   at System.Data.SqlClient.SqlCommand.RunExecuteReader(CommandBehavior cmdBehavior, RunBehavior runBehavior, Boolean returnStream, String method)
   at System.Data.SqlClient.SqlCommand.ExecuteReader(CommandBehavior behavior, String method)
   at System.Data.SqlClient.SqlCommand.ExecuteReader()
   at LoanOFFER.Data.DAL.LoanOfferDb.GetSalaryTopPlus(String phoneNo, String RequestDate, String LogDate) in C:\Users\HP PC\Source\Repos\329 Loan Offer\329 Loan Offer Project\LoanOFFER.Data\DAL\LoanOfferDb.cs:line 269
ClientConnectionId:f5380784-0a79-4787-b5ad-552c6e46501e
Error Number:102,State:1,Class:15
2020-11-16 22:22:17.7606 ERROR System.ArgumentNullException: Value cannot be null.
Parameter name: source
   at System.Linq.Queryable.AsQueryable[TElement](IEnumerable`1 source)
   at PagedList.PagedList`1..ctor(IEnumerable`1 superset, Int32 pageNumber, Int32 pageSize)
   at PagedList.PagedListExtensions.ToPagedList[T](IEnumerable`1 superset, Int32 pageNumber, Int32 pageSize)
   at LoanOFFER.Web.Controllers.SalaryTopUpReportController.Index(Nullable`1 page, String search) in C:\Users\HP PC\Source\Repos\329 Loan Offer\329 Loan Offer Project\LoanOFFER.Web\Controllers\SalaryTopUpReportController.cs:line 50
