2020-11-05 13:45:59.5043 INFO Home Page Loaded: 11/5/2020 1:45:59 PM
2020-11-05 13:46:23.3228 INFO 11/5/2020 1:46:23 PM
2020-11-05 13:46:56.9386 INFO 11/5/2020 1:46:56 PM
2020-11-05 13:46:57.9855 INFO Connection to Simbrella Loan Offer Report was successful!
2020-11-05 13:46:59.7774 INFO  Simbrella Loan Offer Report data fetched from database successfully
2020-11-05 13:47:09.3848 INFO  Simbrella Loan Offer other Report data fetched from database successfully
2020-11-05 13:47:32.6893 INFO start date:01-Jan-2018
2020-11-05 13:47:32.6893 INFO end date:27-Oct-2020
2020-11-05 13:47:32.6893 INFO  Simbrella Loan Offer Report Loaded Successfully
2020-11-05 13:50:16.6586 INFO Home Page Loaded: 11/5/2020 1:50:16 PM
2020-11-05 13:51:47.3647 INFO 11/5/2020 1:51:47 PM
2020-11-05 13:54:09.6960 INFO 11/5/2020 1:54:09 PM
2020-11-05 13:54:09.8650 INFO Connection to Simbrella Loan Offer Report was successful!
2020-11-05 13:54:11.6219 INFO  Simbrella Loan Offer Report data fetched from database successfully
2020-11-05 13:54:11.6849 INFO  Simbrella Loan Offer other Report data fetched from database successfully
2020-11-05 13:54:11.9629 INFO start date:01-Jan-2018
2020-11-05 13:54:11.9629 INFO end date:26-Oct-2020
2020-11-05 13:54:11.9629 INFO  Simbrella Loan Offer Report Loaded Successfully
2020-11-05 14:17:57.1447 INFO 11/5/2020 2:17:57 PM
2020-11-05 14:17:57.2887 INFO Connection to Simbrella Loan Offer Report was successful!
2020-11-05 14:17:58.1247 INFO  Simbrella Loan Offer Report data fetched from database successfully
2020-11-05 14:17:58.3556 INFO  Simbrella Loan Offer other Report data fetched from database successfully
2020-11-05 14:17:58.6976 INFO start date:01-Jan-2018
2020-11-05 14:17:58.6976 INFO end date:26-Oct-2020
2020-11-05 14:17:58.6976 INFO  Simbrella Loan Offer Report Loaded Successfully
2020-11-05 14:35:40.2699 INFO 11/5/2020 2:35:40 PM
2020-11-05 14:35:40.3959 INFO Connection to Simbrella Loan Offer Report was successful!
2020-11-05 14:35:40.9559 INFO  Simbrella Loan Offer Report data fetched from database successfully
2020-11-05 14:35:40.9879 INFO  Simbrella Loan Offer other Report data fetched from database successfully
2020-11-05 14:35:41.2928 INFO start date:01-Jan-2018
2020-11-05 14:35:41.2928 INFO end date:26-Oct-2020
2020-11-05 14:35:41.2928 INFO  Simbrella Loan Offer Report Loaded Successfully
2020-11-05 15:33:22.3747 INFO Home Page Loaded: 11/5/2020 3:33:22 PM
2020-11-05 15:34:16.7511 INFO Home Page Loaded: 11/5/2020 3:34:16 PM
2020-11-05 15:35:45.2309 INFO Home Page Loaded: 11/5/2020 3:35:45 PM
2020-11-05 15:38:46.4519 INFO Home Page Loaded: 11/5/2020 3:38:46 PM
2020-11-05 15:39:00.1290 INFO Home Page Loaded: 11/5/2020 3:39:00 PM
2020-11-05 15:42:21.9584 INFO Home Page Loaded: 11/5/2020 3:42:21 PM
2020-11-05 15:43:37.3805 INFO Home Page Loaded: 11/5/2020 3:43:37 PM
2020-11-05 15:50:20.6080 INFO Home Page Loaded: 11/5/2020 3:50:20 PM
2020-11-05 15:50:26.6196 INFO Home Page Loaded: 11/5/2020 3:50:26 PM
2020-11-05 15:52:09.6259 INFO Home Page Loaded: 11/5/2020 3:52:09 PM
2020-11-05 15:53:52.8363 INFO Home Page Loaded: 11/5/2020 3:53:52 PM
2020-11-05 15:54:57.7451 INFO Home Page Loaded: 11/5/2020 3:54:57 PM
2020-11-05 15:56:15.0501 INFO Home Page Loaded: 11/5/2020 3:56:15 PM
2020-11-05 15:56:41.5253 INFO Home Page Loaded: 11/5/2020 3:56:41 PM
2020-11-05 17:01:05.5646 INFO Home Page Loaded: 11/5/2020 5:01:05 PM
2020-11-05 17:01:05.5646 INFO Home Page Loaded: 11/5/2020 5:01:05 PM
2020-11-05 17:05:04.8431 INFO Home Page Loaded: 11/5/2020 5:05:04 PM
2020-11-05 17:33:01.9806 INFO Home Page Loaded: 11/5/2020 5:33:01 PM
2020-11-05 17:35:36.7116 INFO Home Page Loaded: 11/5/2020 5:35:36 PM
2020-11-05 17:35:52.0076 INFO Home Page Loaded: 11/5/2020 5:35:52 PM
2020-11-05 17:37:15.6122 INFO Home Page Loaded: 11/5/2020 5:37:15 PM
2020-11-05 17:57:14.3816 INFO Home Page Loaded: 11/5/2020 5:57:14 PM
2020-11-05 17:57:47.9664 INFO Home Page Loaded: 11/5/2020 5:57:47 PM
2020-11-05 17:57:48.4903 INFO Home Page Loaded: 11/5/2020 5:57:48 PM
2020-11-05 17:57:50.5452 INFO Home Page Loaded: 11/5/2020 5:57:50 PM
2020-11-05 17:57:51.0522 INFO Home Page Loaded: 11/5/2020 5:57:51 PM
2020-11-05 17:58:15.5516 INFO Home Page Loaded: 11/5/2020 5:58:15 PM
2020-11-05 17:59:13.4848 INFO Home Page Loaded: 11/5/2020 5:59:13 PM
2020-11-05 17:59:43.8909 INFO Home Page Loaded: 11/5/2020 5:59:43 PM
2020-11-05 17:59:53.5882 INFO Home Page Loaded: 11/5/2020 5:59:53 PM
2020-11-05 17:59:54.0082 INFO Home Page Loaded: 11/5/2020 5:59:54 PM
2020-11-05 17:59:54.3892 INFO Home Page Loaded: 11/5/2020 5:59:54 PM
2020-11-05 18:00:11.1571 INFO Home Page Loaded: 11/5/2020 6:00:11 PM
2020-11-05 18:02:43.4052 INFO Home Page Loaded: 11/5/2020 6:02:43 PM
2020-11-05 18:02:50.0478 INFO Home Page Loaded: 11/5/2020 6:02:50 PM
2020-11-05 18:04:53.8658 INFO Home Page Loaded: 11/5/2020 6:04:53 PM
2020-11-05 18:06:07.0781 INFO Home Page Loaded: 11/5/2020 6:06:07 PM
2020-11-05 18:09:17.7594 INFO Home Page Loaded: 11/5/2020 6:09:17 PM
2020-11-05 18:09:21.8861 INFO Home Page Loaded: 11/5/2020 6:09:21 PM
2020-11-05 18:09:50.4863 INFO Home Page Loaded: 11/5/2020 6:09:50 PM
2020-11-05 18:12:02.1997 INFO Home Page Loaded: 11/5/2020 6:12:02 PM
2020-11-05 18:12:21.9525 INFO Home Page Loaded: 11/5/2020 6:12:21 PM
2020-11-05 18:13:46.9700 INFO Home Page Loaded: 11/5/2020 6:13:46 PM
2020-11-05 18:15:24.8432 INFO Home Page Loaded: 11/5/2020 6:15:24 PM
2020-11-05 18:16:27.6241 INFO Home Page Loaded: 11/5/2020 6:16:27 PM
2020-11-05 18:19:18.5970 INFO Home Page Loaded: 11/5/2020 6:19:18 PM
2020-11-05 18:19:24.0927 INFO Home Page Loaded: 11/5/2020 6:19:24 PM
2020-11-05 18:19:24.4937 INFO Home Page Loaded: 11/5/2020 6:19:24 PM
2020-11-05 18:19:25.1886 INFO Home Page Loaded: 11/5/2020 6:19:25 PM
2020-11-05 18:19:25.5346 INFO Home Page Loaded: 11/5/2020 6:19:25 PM
2020-11-05 18:19:25.9536 INFO Home Page Loaded: 11/5/2020 6:19:25 PM
2020-11-05 18:19:55.0767 INFO Home Page Loaded: 11/5/2020 6:19:55 PM
2020-11-05 18:22:23.4901 INFO Home Page Loaded: 11/5/2020 6:22:23 PM
2020-11-05 18:36:11.9735 INFO Home Page Loaded: 11/5/2020 6:36:11 PM
2020-11-05 18:37:16.9993 INFO Home Page Loaded: 11/5/2020 6:37:16 PM
2020-11-05 18:39:54.8911 INFO Home Page Loaded: 11/5/2020 6:39:54 PM
2020-11-05 18:41:18.8407 INFO Home Page Loaded: 11/5/2020 6:41:18 PM
2020-11-05 18:42:14.5731 INFO Home Page Loaded: 11/5/2020 6:42:14 PM
2020-11-05 18:42:52.0606 INFO Home Page Loaded: 11/5/2020 6:42:52 PM
2020-11-05 18:45:48.3193 INFO Home Page Loaded: 11/5/2020 6:45:48 PM
2020-11-05 18:45:50.7101 INFO Home Page Loaded: 11/5/2020 6:45:50 PM
2020-11-05 18:45:51.2291 INFO Home Page Loaded: 11/5/2020 6:45:51 PM
2020-11-05 18:45:51.6841 INFO Home Page Loaded: 11/5/2020 6:45:51 PM
2020-11-05 18:45:52.2100 INFO Home Page Loaded: 11/5/2020 6:45:52 PM
2020-11-05 18:45:53.3280 INFO Home Page Loaded: 11/5/2020 6:45:53 PM
2020-11-05 18:46:01.7584 INFO Home Page Loaded: 11/5/2020 6:46:01 PM
2020-11-05 18:46:02.2004 INFO Home Page Loaded: 11/5/2020 6:46:02 PM
2020-11-05 18:46:02.7973 INFO Home Page Loaded: 11/5/2020 6:46:02 PM
2020-11-05 18:46:03.2743 INFO Home Page Loaded: 11/5/2020 6:46:03 PM
2020-11-05 18:46:03.6043 INFO Home Page Loaded: 11/5/2020 6:46:03 PM
2020-11-05 18:46:04.0813 INFO Home Page Loaded: 11/5/2020 6:46:04 PM
2020-11-05 18:46:53.0721 INFO Home Page Loaded: 11/5/2020 6:46:53 PM
2020-11-05 18:46:56.6099 INFO Home Page Loaded: 11/5/2020 6:46:56 PM
2020-11-05 18:47:48.4265 INFO Home Page Loaded: 11/5/2020 6:47:48 PM
2020-11-05 18:48:10.9780 INFO Home Page Loaded: 11/5/2020 6:48:10 PM
2020-11-05 18:49:27.3831 INFO Home Page Loaded: 11/5/2020 6:49:27 PM
2020-11-05 18:53:47.4484 INFO Home Page Loaded: 11/5/2020 6:53:47 PM
2020-11-05 18:54:16.4256 INFO Home Page Loaded: 11/5/2020 6:54:16 PM
2020-11-05 18:54:21.1102 INFO Home Page Loaded: 11/5/2020 6:54:21 PM
2020-11-05 18:54:49.6504 INFO Home Page Loaded: 11/5/2020 6:54:49 PM
2020-11-05 21:48:53.1575 INFO 11/5/2020 9:48:53 PM
2020-11-05 21:53:12.5797 INFO 11/5/2020 9:53:12 PM
2020-11-05 21:53:44.9926 ERROR System.Data.SqlClient.SqlException (0x80131904): A network-related or instance-specific error occurred while establishing a connection to SQL Server. The server was not found or was not accessible. Verify that the instance name is correct and that SQL Server is configured to allow remote connections. (provider: Named Pipes Provider, error: 40 - Could not open a connection to SQL Server) ---> System.ComponentModel.Win32Exception (0x80004005): The network path was not found
   at System.Data.SqlClient.SqlInternalConnectionTds..ctor(DbConnectionPoolIdentity identity, SqlConnectionString connectionOptions, SqlCredential credential, Object providerInfo, String newPassword, SecureString newSecurePassword, Boolean redirectedUserInstance, SqlConnectionString userConnectionOptions, SessionData reconnectSessionData, DbConnectionPool pool, String accessToken, Boolean applyTransientFaultHandling, SqlAuthenticationProviderManager sqlAuthProviderManager)
   at System.Data.SqlClient.SqlConnectionFactory.CreateConnection(DbConnectionOptions options, DbConnectionPoolKey poolKey, Object poolGroupProviderInfo, DbConnectionPool pool, DbConnection owningConnection, DbConnectionOptions userOptions)
   at System.Data.ProviderBase.DbConnectionFactory.CreatePooledConnection(DbConnectionPool pool, DbConnection owningObject, DbConnectionOptions options, DbConnectionPoolKey poolKey, DbConnectionOptions userOptions)
   at System.Data.ProviderBase.DbConnectionPool.CreateObject(DbConnection owningObject, DbConnectionOptions userOptions, DbConnectionInternal oldConnection)
   at System.Data.ProviderBase.DbConnectionPool.UserCreateRequest(DbConnection owningObject, DbConnectionOptions userOptions, DbConnectionInternal oldConnection)
   at System.Data.ProviderBase.DbConnectionPool.TryGetConnection(DbConnection owningObject, UInt32 waitForMultipleObjectsTimeout, Boolean allowCreate, Boolean onlyOneCheckConnection, DbConnectionOptions userOptions, DbConnectionInternal& connection)
   at System.Data.ProviderBase.DbConnectionPool.TryGetConnection(DbConnection owningObject, TaskCompletionSource`1 retry, DbConnectionOptions userOptions, DbConnectionInternal& connection)
   at System.Data.ProviderBase.DbConnectionFactory.TryGetConnection(DbConnection owningConnection, TaskCompletionSource`1 retry, DbConnectionOptions userOptions, DbConnectionInternal oldConnection, DbConnectionInternal& connection)
   at System.Data.ProviderBase.DbConnectionInternal.TryOpenConnectionInternal(DbConnection outerConnection, DbConnectionFactory connectionFactory, TaskCompletionSource`1 retry, DbConnectionOptions userOptions)
   at System.Data.ProviderBase.DbConnectionClosed.TryOpenConnection(DbConnection outerConnection, DbConnectionFactory connectionFactory, TaskCompletionSource`1 retry, DbConnectionOptions userOptions)
   at System.Data.SqlClient.SqlConnection.TryOpenInner(TaskCompletionSource`1 retry)
   at System.Data.SqlClient.SqlConnection.TryOpen(TaskCompletionSource`1 retry)
   at System.Data.SqlClient.SqlConnection.Open()
   at LoanOFFER.Data.DAL.LoanOfferDb.GetSimbrellaLoanDb(String RequestTime, String LogDate, String CustId) in C:\Users\HP PC\Source\Repos\329 Loan Offer\329 Loan Offer Project\LoanOFFER.Data\DAL\LoanOfferDb.cs:line 47
ClientConnectionId:00000000-0000-0000-0000-000000000000
Error Number:53,State:0,Class:20
2020-11-05 21:53:45.3216 ERROR System.ArgumentNullException: Value cannot be null.
Parameter name: source
   at System.Linq.Queryable.AsQueryable[TElement](IEnumerable`1 source)
   at PagedList.PagedList`1..ctor(IEnumerable`1 superset, Int32 pageNumber, Int32 pageSize)
   at PagedList.PagedListExtensions.ToPagedList[T](IEnumerable`1 superset, Int32 pageNumber, Int32 pageSize)
   at LoanOFFER.Web.Controllers.SimbrellaReportController.Index(Nullable`1 page, String search) in C:\Users\HP PC\Source\Repos\329 Loan Offer\329 Loan Offer Project\LoanOFFER.Web\Controllers\SimbrellaReportController.cs:line 52
2020-11-05 22:18:43.1291 INFO NEW LOGIN
2020-11-05 22:18:46.1339 INFO NEW LOGIN
2020-11-05 22:19:11.3552 INFO System.InvalidOperationException: The model backing the 'RoleDBContext' context has changed since the database was created. Consider using Code First Migrations to update the database (http://go.microsoft.com/fwlink/?LinkId=238269).
   at System.Data.Entity.CreateDatabaseIfNotExists`1.InitializeDatabase(TContext context)
   at System.Data.Entity.Internal.InternalContext.<>c__DisplayClassf`1.<CreateInitializationAction>b__e()
   at System.Data.Entity.Internal.InternalContext.PerformInitializationAction(Action action)
   at System.Data.Entity.Internal.InternalContext.PerformDatabaseInitialization()
   at System.Data.Entity.Internal.LazyInternalContext.<InitializeDatabase>b__4(InternalContext c)
   at System.Data.Entity.Internal.RetryAction`1.PerformAction(TInput input)
   at System.Data.Entity.Internal.LazyInternalContext.InitializeDatabaseAction(Action`1 action)
   at System.Data.Entity.Internal.LazyInternalContext.InitializeDatabase()
   at System.Data.Entity.Internal.InternalContext.Initialize()
   at System.Data.Entity.Internal.InternalContext.GetEntitySetAndBaseTypeForType(Type entityType)
   at System.Data.Entity.Internal.Linq.InternalSet`1.Initialize()
   at System.Data.Entity.Internal.Linq.InternalSet`1.get_InternalContext()
   at System.Data.Entity.Infrastructure.DbQuery`1.System.Linq.IQueryable.get_Provider()
   at System.Linq.Queryable.Any[TSource](IQueryable`1 source)
   at LoanOFFER.Web.Models.LoginUserDB.ValidLogin(String UserId, String password, String hostName) in C:\Users\HP PC\Source\Repos\329 Loan Offer\329 Loan Offer Project\LoanOFFER.Web\Models\LoginUserDB.cs:line 40
2020-11-05 22:19:11.5652 INFO Incorrect login details
2020-11-05 22:19:11.9362 INFO Home Page Loaded: 11/5/2020 10:19:11 PM
2020-11-05 22:19:12.1572 INFO System.InvalidOperationException: The model backing the 'RoleDBContext' context has changed since the database was created. Consider using Code First Migrations to update the database (http://go.microsoft.com/fwlink/?LinkId=238269).
   at System.Data.Entity.CreateDatabaseIfNotExists`1.InitializeDatabase(TContext context)
   at System.Data.Entity.Internal.InternalContext.<>c__DisplayClassf`1.<CreateInitializationAction>b__e()
   at System.Data.Entity.Internal.InternalContext.PerformInitializationAction(Action action)
   at System.Data.Entity.Internal.InternalContext.PerformDatabaseInitialization()
   at System.Data.Entity.Internal.LazyInternalContext.<InitializeDatabase>b__4(InternalContext c)
   at System.Data.Entity.Internal.RetryAction`1.PerformAction(TInput input)
   at System.Data.Entity.Internal.LazyInternalContext.InitializeDatabaseAction(Action`1 action)
   at System.Data.Entity.Internal.LazyInternalContext.InitializeDatabase()
   at System.Data.Entity.Internal.InternalContext.Initialize()
   at System.Data.Entity.Internal.InternalContext.GetEntitySetAndBaseTypeForType(Type entityType)
   at System.Data.Entity.Internal.Linq.InternalSet`1.Initialize()
   at System.Data.Entity.Internal.Linq.InternalSet`1.get_InternalContext()
   at System.Data.Entity.Infrastructure.DbQuery`1.System.Linq.IQueryable.get_Provider()
   at System.Linq.Queryable.Any[TSource](IQueryable`1 source)
   at LoanOFFER.Web.Models.LoginUserDB.ValidLogin(String UserId, String password, String hostName) in C:\Users\HP PC\Source\Repos\329 Loan Offer\329 Loan Offer Project\LoanOFFER.Web\Models\LoginUserDB.cs:line 40
2020-11-05 22:19:12.1572 INFO Incorrect login details
2020-11-05 22:26:50.6404 INFO 11/5/2020 10:26:50 PM
2020-11-05 22:43:12.8173 INFO 11/5/2020 10:43:12 PM
2020-11-05 22:43:13.3373 INFO Connection to Simbrella Loan Offer Report was successful!
2020-11-05 22:43:15.1365 INFO  Simbrella Loan Offer Report data fetched from database successfully
2020-11-05 22:43:27.7365 INFO  Simbrella Loan Offer other Report data fetched from database successfully
2020-11-05 22:43:34.1431 INFO start date:01-Jan-2018
2020-11-05 22:43:34.1431 INFO end date:28-Oct-2020
2020-11-05 22:43:34.1431 INFO  Simbrella Loan Offer Report Loaded Successfully
2020-11-05 23:12:11.2209 INFO Home Page Loaded: 11/5/2020 11:12:11 PM
2020-11-05 23:12:16.1558 INFO 11/5/2020 11:12:16 PM
2020-11-05 23:12:53.9258 INFO 11/5/2020 11:12:53 PM
2020-11-05 23:12:55.0378 INFO Connection to Simbrella Loan Offer Report was successful!
2020-11-05 23:12:56.8788 INFO  Simbrella Loan Offer Report data fetched from database successfully
2020-11-05 23:13:00.9997 INFO  Simbrella Loan Offer other Report data fetched from database successfully
2020-11-05 23:13:11.3514 INFO start date:01-Jan-2017
2020-11-05 23:13:11.3514 INFO end date:28-Oct-2020
2020-11-05 23:13:11.3514 INFO  Simbrella Loan Offer Report Loaded Successfully
2020-11-05 23:13:24.7430 INFO 11/5/2020 11:13:24 PM
2020-11-05 23:13:43.3436 INFO 11/5/2020 11:13:43 PM
2020-11-05 23:13:43.3436 INFO Connection to Simbrella Loan Offer Report was successful!
2020-11-05 23:13:44.3325 INFO  Simbrella Loan Offer Report data fetched from database successfully
2020-11-05 23:13:44.4935 INFO  Simbrella Loan Offer other Report data fetched from database successfully
2020-11-05 23:13:44.9435 INFO start date:01-Jan-2018
2020-11-05 23:13:44.9435 INFO end date:27-Oct-2020
2020-11-05 23:13:44.9435 INFO  Simbrella Loan Offer Report Loaded Successfully
