2020-12-12 11:34:31.7364 INFO NEW LOGIN
2020-12-12 11:34:31.7723 INFO Home Page Loaded: 12/12/2020 11:34:31 AM
2020-12-12 11:34:37.9978 INFO 12/12/2020 11:34:37 AM
2020-12-12 11:35:20.9607 INFO 12/12/2020 11:35:20 AM
2020-12-12 11:36:01.8152 INFO Connection to database to fetch Salary Top-Up Plus Loan Offer Report!
2020-12-12 11:36:04.8028 INFO Reader is not null..
2020-12-12 11:36:05.2156 INFO Reader is equal to true..
2020-12-12 11:36:09.2581 INFO  Salary Top-Up Plus Loan Offer Report data fetched from database successfully
2020-12-12 11:36:10.2749 INFO start date:01-Jan-2019
2020-12-12 11:36:10.2749 INFO end date:09-Dec-2020
2020-12-12 11:36:10.2749 INFO Salary Top-Up Plus Loan Report Loaded Successful
2020-12-12 12:18:19.1325 INFO NEW LOGIN
2020-12-12 12:18:19.1545 INFO Home Page Loaded: 12/12/2020 12:18:19 PM
2020-12-12 12:18:31.8815 INFO 12/12/2020 12:18:31 PM
2020-12-12 12:18:48.1989 INFO 12/12/2020 12:18:48 PM
2020-12-12 12:20:42.7694 INFO Connection to database to fetch Salary Top-Up Plus Loan Offer Report!
2020-12-12 12:20:43.6899 INFO Reader is not null..
2020-12-12 12:20:43.6899 INFO Reader is equal to true..
2020-12-12 12:20:43.7029 INFO  Salary Top-Up Plus Loan Offer Report data fetched from database successfully
2020-12-12 12:20:44.2412 INFO start date:30-Dec-2019
2020-12-12 12:20:44.2412 INFO end date:10-Dec-2020
2020-12-12 12:20:44.2412 INFO Salary Top-Up Plus Loan Report Loaded Successful
2020-12-12 20:31:51.7593 INFO 12/12/2020 8:31:51 PM
2020-12-12 20:32:43.6128 INFO 12/12/2020 8:32:43 PM
2020-12-12 20:32:48.0821 INFO Connection to database to fetch Salary Top-Up Plus Loan Offer Report!
2020-12-12 20:32:48.9781 INFO Reader is not null..
2020-12-12 20:32:48.9781 INFO Reader is equal to true..
2020-12-12 20:32:49.0036 INFO  Salary Top-Up Plus Loan Offer Report data fetched from database successfully
2020-12-12 20:32:49.4586 INFO start date:30-Dec-2019
2020-12-12 20:32:49.4586 INFO end date:10-Dec-2020
2020-12-12 20:32:49.4586 INFO Salary Top-Up Plus Loan Report Loaded Successful
2020-12-12 20:33:08.8221 INFO 12/12/2020 8:33:08 PM
2020-12-12 20:40:53.7392 INFO 12/12/2020 8:40:53 PM
2020-12-12 20:41:23.0286 INFO 12/12/2020 8:41:23 PM
2020-12-12 20:41:26.5949 INFO Connection to database to fetch Salary Top-Up Plus Loan Offer Report!
2020-12-12 20:41:27.1440 INFO Reader is not null..
2020-12-12 20:41:27.1440 INFO Reader is equal to true..
2020-12-12 20:41:27.1560 INFO  Salary Top-Up Plus Loan Offer Report data fetched from database successfully
2020-12-12 20:41:27.7009 INFO start date:30-Dec-2019
2020-12-12 20:41:27.7009 INFO end date:10-Dec-2020
2020-12-12 20:41:27.7009 INFO Salary Top-Up Plus Loan Report Loaded Successful
2020-12-12 20:41:38.4001 INFO 12/12/2020 8:41:38 PM
2020-12-12 20:49:29.4709 INFO 12/12/2020 8:49:29 PM
2020-12-12 20:50:27.7646 INFO 12/12/2020 8:50:27 PM
2020-12-12 20:50:31.4857 INFO Connection to database to fetch Salary Top-Up Plus Loan Offer Report!
2020-12-12 20:50:32.4007 INFO Reader is not null..
2020-12-12 20:50:32.4007 INFO Reader is equal to true..
2020-12-12 20:50:32.4186 INFO  Salary Top-Up Plus Loan Offer Report data fetched from database successfully
2020-12-12 20:50:32.9751 INFO start date:30-Dec-2019
2020-12-12 20:50:32.9751 INFO end date:10-Dec-2020
2020-12-12 20:50:32.9751 INFO Salary Top-Up Plus Loan Report Loaded Successful
2020-12-12 20:50:43.7803 INFO 12/12/2020 8:50:43 PM
2020-12-12 20:56:07.9206 INFO 12/12/2020 8:56:07 PM
2020-12-12 20:56:44.7986 INFO 12/12/2020 8:56:44 PM
2020-12-12 20:56:50.8360 INFO Connection to database to fetch Salary Top-Up Plus Loan Offer Report!
2020-12-12 20:56:51.6951 INFO Reader is not null..
2020-12-12 20:56:51.6951 INFO Reader is equal to true..
2020-12-12 20:56:51.7062 INFO  Salary Top-Up Plus Loan Offer Report data fetched from database successfully
2020-12-12 20:56:52.5105 INFO start date:29-Dec-2019
2020-12-12 20:56:52.5105 INFO end date:10-Dec-2020
2020-12-12 20:56:52.5105 INFO Salary Top-Up Plus Loan Report Loaded Successful
2020-12-12 20:57:02.6769 INFO 12/12/2020 8:57:02 PM
