2020-12-30 07:42:48.3573 INFO NEW LOGIN
2020-12-30 07:43:14.8222 INFO NEW LOGIN
2020-12-30 07:43:59.7945 INFO NEW LOGIN
2020-12-30 07:48:09.8642 INFO NEW LOGIN
2020-12-30 08:03:36.8761 INFO NEW LOGIN
2020-12-30 10:43:11.2267 INFO NEW LOGIN
2020-12-30 10:43:21.0520 INFO NEW LOGIN
2020-12-30 10:48:00.3396 INFO Home Page Loaded: 12/30/2020 10:48:00 AM
2020-12-30 10:48:51.5519 INFO 12/30/2020 10:48:51 AM
2020-12-30 11:47:10.0044 INFO Home Page Loaded: 12/30/2020 11:47:10 AM
2020-12-30 11:47:29.8787 INFO NEW LOGIN
2020-12-30 11:47:51.0377 INFO NEW LOGIN
2020-12-30 11:47:54.2409 INFO Signed in User: tella.adesina
2020-12-30 11:47:54.2409 INFO IP Address: ::1
2020-12-30 11:47:54.2409 INFO IP Address: TELLA-PC
2020-12-30 11:47:54.2708 INFO Home Page Loaded: 12/30/2020 11:47:54 AM
2020-12-30 11:47:58.6636 INFO 12/30/2020 11:47:58 AM
2020-12-30 11:48:27.5374 INFO 12/30/2020 11:48:27 AM
2020-12-30 11:48:27.5816 INFO Connection to Simbrella Loan Offer Report was successful!
2020-12-30 11:48:27.7670 INFO  Simbrella Loan Offer Report data fetched from database successfully
2020-12-30 11:48:28.1430 INFO start date:29-Dec-2019
2020-12-30 11:48:28.1430 INFO end date:23-Dec-2020
2020-12-30 11:48:28.1430 INFO  Simbrella Loan Offer Report Loaded Successfully
2020-12-30 11:48:37.7461 INFO 12/30/2020 11:48:37 AM
2020-12-30 11:48:37.7461 INFO Connection to Simbrella Loan Offer Report was successful!
2020-12-30 11:48:37.7859 INFO  Simbrella Loan Offer Report data fetched from database successfully
2020-12-30 11:48:37.8478 INFO start date:29-Dec-2019
2020-12-30 11:48:37.8478 INFO end date:23-Dec-2020
2020-12-30 11:48:37.8478 INFO  Simbrella Loan Offer Report Loaded Successfully
2020-12-30 12:35:16.8478 INFO 12/30/2020 12:35:16 PM
2020-12-30 12:35:31.9369 INFO 12/30/2020 12:35:31 PM
2020-12-30 12:35:32.0038 INFO Connection to Simbrella Loan Offer Report was successful!
2020-12-30 12:35:32.4994 INFO  Simbrella Loan Offer Report data fetched from database successfully
2020-12-30 12:35:34.9321 INFO start date:29-Dec-2019
2020-12-30 12:35:34.9321 INFO end date:24-Dec-2020
2020-12-30 12:35:34.9321 INFO  Simbrella Loan Offer Report Loaded Successfully
2020-12-30 12:36:36.8060 INFO 12/30/2020 12:36:36 PM
2020-12-30 12:36:36.8060 INFO Connection to Simbrella Loan Offer Report was successful!
2020-12-30 12:36:36.8608 INFO  Simbrella Loan Offer Report data fetched from database successfully
2020-12-30 12:36:36.9018 INFO start date:29-Dec-2019
2020-12-30 12:36:36.9018 INFO end date:24-Dec-2020
2020-12-30 12:36:36.9018 INFO  Simbrella Loan Offer Report Loaded Successfully
2020-12-30 12:42:03.9633 INFO 12/30/2020 12:42:03 PM
2020-12-30 12:42:03.9912 INFO Connection to Simbrella Loan Offer Report was successful!
2020-12-30 12:42:04.0561 INFO  Simbrella Loan Offer Report data fetched from database successfully
2020-12-30 12:42:04.0880 INFO start date:29-Dec-2019
2020-12-30 12:42:04.0880 INFO end date:24-Dec-2020
2020-12-30 12:42:04.0880 INFO  Simbrella Loan Offer Report Loaded Successfully
2020-12-30 12:42:12.1166 INFO 12/30/2020 12:42:12 PM
2020-12-30 12:42:12.1166 INFO Connection to Simbrella Loan Offer Report was successful!
2020-12-30 12:42:12.9008 INFO  Simbrella Loan Offer Report data fetched from database successfully
2020-12-30 12:42:13.2336 INFO start date:29-Dec-2019
2020-12-30 12:42:13.2336 INFO end date:24-Dec-2020
2020-12-30 12:42:13.2336 INFO  Simbrella Loan Offer Report Loaded Successfully
2020-12-30 12:43:47.0240 INFO 12/30/2020 12:43:47 PM
2020-12-30 12:43:47.0240 INFO Connection to Simbrella Loan Offer Report was successful!
2020-12-30 12:43:47.1388 INFO  Simbrella Loan Offer Report data fetched from database successfully
2020-12-30 12:43:47.1707 INFO start date:29-Dec-2019
2020-12-30 12:43:47.1707 INFO end date:24-Dec-2020
2020-12-30 12:43:47.1707 INFO  Simbrella Loan Offer Report Loaded Successfully
2020-12-30 12:48:37.4803 INFO NEW LOGIN
2020-12-30 12:48:57.2592 INFO NEW LOGIN
2020-12-30 12:49:00.2379 INFO Signed in User: tella.adesina
2020-12-30 12:49:00.2379 INFO IP Address: ::1
2020-12-30 12:49:00.2379 INFO IP Address: TELLA-PC
2020-12-30 12:49:00.2718 INFO Home Page Loaded: 12/30/2020 12:49:00 PM
2020-12-30 12:49:03.3084 INFO 12/30/2020 12:49:03 PM
2020-12-30 12:49:21.7745 INFO 12/30/2020 12:49:21 PM
2020-12-30 12:49:21.8034 INFO Connection to Simbrella Loan Offer Report was successful!
2020-12-30 12:49:22.0029 INFO  Simbrella Loan Offer Report data fetched from database successfully
2020-12-30 12:49:22.3699 INFO start date:29-Dec-2019
2020-12-30 12:49:22.3699 INFO end date:18-Dec-2020
2020-12-30 12:49:22.3699 INFO  Simbrella Loan Offer Report Loaded Successfully
2020-12-30 12:59:12.5444 INFO 12/30/2020 12:59:12 PM
2020-12-30 13:05:48.3282 INFO 12/30/2020 1:05:48 PM
2020-12-30 13:05:51.5225 INFO 12/30/2020 1:05:51 PM
2020-12-30 13:05:52.4213 INFO 12/30/2020 1:05:52 PM
2020-12-30 13:05:52.6594 INFO 12/30/2020 1:05:52 PM
2020-12-30 13:05:52.8444 INFO 12/30/2020 1:05:52 PM
2020-12-30 13:05:53.0535 INFO 12/30/2020 1:05:53 PM
2020-12-30 13:05:53.2422 INFO 12/30/2020 1:05:53 PM
2020-12-30 13:05:53.4426 INFO 12/30/2020 1:05:53 PM
2020-12-30 13:05:53.6381 INFO 12/30/2020 1:05:53 PM
2020-12-30 13:05:53.8266 INFO 12/30/2020 1:05:53 PM
2020-12-30 13:06:15.7341 INFO 12/30/2020 1:06:15 PM
2020-12-30 13:06:15.8119 INFO Connection to Simbrella Loan Offer Report was successful!
2020-12-30 13:06:16.0093 INFO  Simbrella Loan Offer Report data fetched from database successfully
2020-12-30 13:06:18.4298 INFO start date:29-Dec-2019
2020-12-30 13:06:18.4298 INFO end date:23-Dec-2020
2020-12-30 13:06:18.4298 INFO  Simbrella Loan Offer Report Loaded Successfully
2020-12-30 13:06:40.1803 INFO 12/30/2020 1:06:40 PM
2020-12-30 13:06:40.1803 INFO Connection to Simbrella Loan Offer Report was successful!
2020-12-30 13:06:40.2192 INFO  Simbrella Loan Offer Report data fetched from database successfully
2020-12-30 13:06:40.2671 INFO start date:29-Dec-2019
2020-12-30 13:06:40.2671 INFO end date:23-Dec-2020
2020-12-30 13:06:40.2671 INFO  Simbrella Loan Offer Report Loaded Successfully
2020-12-30 13:08:30.4981 INFO 12/30/2020 1:08:30 PM
2020-12-30 14:34:05.1789 INFO 12/30/2020 2:34:05 PM
2020-12-30 14:34:08.8983 INFO 12/30/2020 2:34:08 PM
2020-12-30 19:12:04.7899 INFO 12/30/2020 7:12:04 PM
2020-12-30 19:12:22.8272 INFO 12/30/2020 7:12:22 PM
2020-12-30 19:12:33.3041 ERROR System.Data.SqlClient.SqlException (0x80131904): A network-related or instance-specific error occurred while establishing a connection to SQL Server. The server was not found or was not accessible. Verify that the instance name is correct and that SQL Server is configured to allow remote connections. (provider: Named Pipes Provider, error: 40 - Could not open a connection to SQL Server) ---> System.ComponentModel.Win32Exception (0x80004005): The network path was not found
   at System.Data.SqlClient.SqlInternalConnectionTds..ctor(DbConnectionPoolIdentity identity, SqlConnectionString connectionOptions, SqlCredential credential, Object providerInfo, String newPassword, SecureString newSecurePassword, Boolean redirectedUserInstance, SqlConnectionString userConnectionOptions, SessionData reconnectSessionData, DbConnectionPool pool, String accessToken, Boolean applyTransientFaultHandling, SqlAuthenticationProviderManager sqlAuthProviderManager)
   at System.Data.SqlClient.SqlConnectionFactory.CreateConnection(DbConnectionOptions options, DbConnectionPoolKey poolKey, Object poolGroupProviderInfo, DbConnectionPool pool, DbConnection owningConnection, DbConnectionOptions userOptions)
   at System.Data.ProviderBase.DbConnectionFactory.CreatePooledConnection(DbConnectionPool pool, DbConnection owningObject, DbConnectionOptions options, DbConnectionPoolKey poolKey, DbConnectionOptions userOptions)
   at System.Data.ProviderBase.DbConnectionPool.CreateObject(DbConnection owningObject, DbConnectionOptions userOptions, DbConnectionInternal oldConnection)
   at System.Data.ProviderBase.DbConnectionPool.UserCreateRequest(DbConnection owningObject, DbConnectionOptions userOptions, DbConnectionInternal oldConnection)
   at System.Data.ProviderBase.DbConnectionPool.TryGetConnection(DbConnection owningObject, UInt32 waitForMultipleObjectsTimeout, Boolean allowCreate, Boolean onlyOneCheckConnection, DbConnectionOptions userOptions, DbConnectionInternal& connection)
   at System.Data.ProviderBase.DbConnectionPool.TryGetConnection(DbConnection owningObject, TaskCompletionSource`1 retry, DbConnectionOptions userOptions, DbConnectionInternal& connection)
   at System.Data.ProviderBase.DbConnectionFactory.TryGetConnection(DbConnection owningConnection, TaskCompletionSource`1 retry, DbConnectionOptions userOptions, DbConnectionInternal oldConnection, DbConnectionInternal& connection)
   at System.Data.ProviderBase.DbConnectionInternal.TryOpenConnectionInternal(DbConnection outerConnection, DbConnectionFactory connectionFactory, TaskCompletionSource`1 retry, DbConnectionOptions userOptions)
   at System.Data.ProviderBase.DbConnectionClosed.TryOpenConnection(DbConnection outerConnection, DbConnectionFactory connectionFactory, TaskCompletionSource`1 retry, DbConnectionOptions userOptions)
   at System.Data.SqlClient.SqlConnection.TryOpenInner(TaskCompletionSource`1 retry)
   at System.Data.SqlClient.SqlConnection.TryOpen(TaskCompletionSource`1 retry)
   at System.Data.SqlClient.SqlConnection.Open()
   at LoanOFFER.Data.DAL.LoanOfferDb.GetSimbrellaLoanDb(String RequestTime, String LogDate, String CustId) in C:\Users\DELL\source\repos\329 Loan Offer Screen Log\LoanOFFER.Data\DAL\LoanOfferDb.cs:line 34
ClientConnectionId:00000000-0000-0000-0000-000000000000
Error Number:53,State:0,Class:20
2020-12-30 19:12:33.3380 ERROR System.Data.SqlClient.SqlException (0x80131904): A network-related or instance-specific error occurred while establishing a connection to SQL Server. The server was not found or was not accessible. Verify that the instance name is correct and that SQL Server is configured to allow remote connections. (provider: Named Pipes Provider, error: 40 - Could not open a connection to SQL Server) ---> System.ComponentModel.Win32Exception (0x80004005): The network path was not found
   at System.Data.ProviderBase.DbConnectionPool.TryGetConnection(DbConnection owningObject, UInt32 waitForMultipleObjectsTimeout, Boolean allowCreate, Boolean onlyOneCheckConnection, DbConnectionOptions userOptions, DbConnectionInternal& connection)
   at System.Data.ProviderBase.DbConnectionPool.TryGetConnection(DbConnection owningObject, TaskCompletionSource`1 retry, DbConnectionOptions userOptions, DbConnectionInternal& connection)
   at System.Data.ProviderBase.DbConnectionFactory.TryGetConnection(DbConnection owningConnection, TaskCompletionSource`1 retry, DbConnectionOptions userOptions, DbConnectionInternal oldConnection, DbConnectionInternal& connection)
   at System.Data.ProviderBase.DbConnectionInternal.TryOpenConnectionInternal(DbConnection outerConnection, DbConnectionFactory connectionFactory, TaskCompletionSource`1 retry, DbConnectionOptions userOptions)
   at System.Data.ProviderBase.DbConnectionClosed.TryOpenConnection(DbConnection outerConnection, DbConnectionFactory connectionFactory, TaskCompletionSource`1 retry, DbConnectionOptions userOptions)
   at System.Data.SqlClient.SqlConnection.TryOpenInner(TaskCompletionSource`1 retry)
   at System.Data.SqlClient.SqlConnection.TryOpen(TaskCompletionSource`1 retry)
   at System.Data.SqlClient.SqlConnection.Open()
   at LoanOFFER.Data.DAL.LoanOfferDb.GetSimbrellaLoanDb(String RequestTime, String LogDate, String CustId) in C:\Users\DELL\source\repos\329 Loan Offer Screen Log\LoanOFFER.Data\DAL\LoanOfferDb.cs:line 34
ClientConnectionId:00000000-0000-0000-0000-000000000000
Error Number:53,State:0,Class:20
2020-12-30 19:12:33.3739 ERROR System.ArgumentNullException: Value cannot be null.
Parameter name: source
   at System.Linq.Queryable.AsQueryable[TElement](IEnumerable`1 source)
   at PagedList.PagedList`1..ctor(IEnumerable`1 superset, Int32 pageNumber, Int32 pageSize)
   at PagedList.PagedListExtensions.ToPagedList[T](IEnumerable`1 superset, Int32 pageNumber, Int32 pageSize)
   at LoanOFFER.Web.Controllers.SimbrellaReportController.Index(Nullable`1 page, String search) in C:\Users\DELL\source\repos\329 Loan Offer Screen Log\LoanOFFER.Web\Controllers\SimbrellaReportController.cs:line 56
2020-12-30 19:12:33.4088 ERROR System.ArgumentNullException: Value cannot be null.
Parameter name: source
   at System.Linq.Queryable.AsQueryable[TElement](IEnumerable`1 source)
   at PagedList.PagedList`1..ctor(IEnumerable`1 superset, Int32 pageNumber, Int32 pageSize)
   at PagedList.PagedListExtensions.ToPagedList[T](IEnumerable`1 superset, Int32 pageNumber, Int32 pageSize)
   at LoanOFFER.Web.Controllers.SimbrellaReportController.Index(Nullable`1 page, String search) in C:\Users\DELL\source\repos\329 Loan Offer Screen Log\LoanOFFER.Web\Controllers\SimbrellaReportController.cs:line 56
