2020-11-29 11:00:02.7148 INFO NEW LOGIN
2020-11-29 11:00:03.6388 INFO Home Page Loaded: 11/29/2020 11:00:03 AM
2020-11-29 11:00:31.5221 INFO 11/29/2020 11:00:31 AM
2020-11-29 11:01:02.2932 INFO 11/29/2020 11:01:02 AM
2020-11-29 11:01:38.5990 INFO Connection to Simbrella Loan Offer Report was successful!
2020-11-29 11:01:47.6124 ERROR System.Data.SqlClient.SqlException (0x80131904): Incorrect syntax near '='.
   at System.Data.SqlClient.SqlConnection.OnError(SqlException exception, Boolean breakConnection, Action`1 wrapCloseInAction)
   at System.Data.SqlClient.SqlInternalConnection.OnError(SqlException exception, Boolean breakConnection, Action`1 wrapCloseInAction)
   at System.Data.SqlClient.TdsParser.ThrowExceptionAndWarning(TdsParserStateObject stateObj, Boolean callerHasConnectionLock, Boolean asyncClose)
   at System.Data.SqlClient.TdsParser.TryRun(RunBehavior runBehavior, SqlCommand cmdHandler, SqlDataReader dataStream, BulkCopySimpleResultSet bulkCopyHandler, TdsParserStateObject stateObj, Boolean& dataReady)
   at System.Data.SqlClient.SqlDataReader.TryConsumeMetaData()
   at System.Data.SqlClient.SqlDataReader.get_MetaData()
   at System.Data.SqlClient.SqlCommand.FinishExecuteReader(SqlDataReader ds, RunBehavior runBehavior, String resetOptionsString, Boolean isInternal, Boolean forDescribeParameterEncryption, Boolean shouldCacheForAlwaysEncrypted)
   at System.Data.SqlClient.SqlCommand.RunExecuteReaderTds(CommandBehavior cmdBehavior, RunBehavior runBehavior, Boolean returnStream, Boolean async, Int32 timeout, Task& task, Boolean asyncWrite, Boolean inRetry, SqlDataReader ds, Boolean describeParameterEncryptionRequest)
   at System.Data.SqlClient.SqlCommand.RunExecuteReader(CommandBehavior cmdBehavior, RunBehavior runBehavior, Boolean returnStream, String method, TaskCompletionSource`1 completion, Int32 timeout, Task& task, Boolean& usedCache, Boolean asyncWrite, Boolean inRetry)
   at System.Data.SqlClient.SqlCommand.RunExecuteReader(CommandBehavior cmdBehavior, RunBehavior runBehavior, Boolean returnStream, String method)
   at System.Data.SqlClient.SqlCommand.ExecuteReader(CommandBehavior behavior, String method)
   at System.Data.SqlClient.SqlCommand.ExecuteReader()
   at LoanOFFER.Data.DAL.LoanOfferDb.GetSimbrellaLoanDb(String RequestTime, String LogDate, String CustId) in C:\Users\HP PC\Source\Repos\329 Loan Offer\329 Loan Offer Project\LoanOFFER.Data\DAL\LoanOfferDb.cs:line 35
ClientConnectionId:4c3ab5fb-2ad7-445a-b509-ec73212ddb73
Error Number:102,State:1,Class:15
2020-11-29 11:08:03.3681 INFO 11/29/2020 11:08:03 AM
2020-11-29 11:20:02.0708 INFO NEW LOGIN
2020-11-29 11:20:03.9077 INFO Home Page Loaded: 11/29/2020 11:20:03 AM
2020-11-29 11:21:36.9881 INFO 11/29/2020 11:21:36 AM
2020-11-29 11:22:23.3692 INFO 11/29/2020 11:22:23 AM
2020-11-29 11:23:19.2689 INFO Connection to Simbrella Loan Offer Report was successful!
2020-11-29 11:24:03.3732 INFO  Simbrella Loan Offer Report data fetched from database successfully
2020-11-29 11:24:19.7672 INFO start date:01-Feb-2019
2020-11-29 11:24:19.7672 INFO end date:24-Nov-2020
2020-11-29 11:24:19.7672 INFO  Simbrella Loan Offer Report Loaded Successfully
2020-11-29 11:28:42.3383 INFO Home Page Loaded: 11/29/2020 11:28:42 AM
2020-11-29 11:28:47.0090 INFO 11/29/2020 11:28:47 AM
2020-11-29 11:29:02.5920 INFO 11/29/2020 11:29:02 AM
