2020-12-08 01:21:02.5748 INFO 12/8/2020 1:21:02 AM
2020-12-08 01:21:28.4248 INFO Home Page Loaded: 12/8/2020 1:21:28 AM
2020-12-08 01:22:00.0167 INFO 12/8/2020 1:22:00 AM
2020-12-08 01:22:20.3647 INFO 12/8/2020 1:22:20 AM
2020-12-08 01:23:16.1970 INFO Connection to database to fetch Salary Top-Up Plus Loan Offer Report!
2020-12-08 01:23:20.5728 INFO Reader is not null..
2020-12-08 01:23:31.0214 INFO Reader is equal to true..
2020-12-08 01:25:39.0692 INFO Home Page Loaded: 12/8/2020 1:25:39 AM
2020-12-08 01:25:39.5712 ERROR System.IndexOutOfRangeException: c.LoanID
   at System.Data.ProviderBase.FieldNameLookup.GetOrdinal(String fieldName)
   at System.Data.SqlClient.SqlDataReader.GetOrdinal(String name)
   at System.Data.SqlClient.SqlDataReader.get_Item(String name)
   at LoanOFFER.Data.DAL.LoanOfferDb.GetSalaryTopPlus(String RequestDate, String LogDate) in C:\Users\HP PC\Source\Repos\329 Loan Offer\329 Loan Offer Project\LoanOFFER.Data\DAL\LoanOfferDb.cs:line 262
2020-12-08 01:25:40.4462 ERROR System.ArgumentNullException: Value cannot be null.
Parameter name: source
   at System.Linq.Queryable.AsQueryable[TElement](IEnumerable`1 source)
   at PagedList.PagedList`1..ctor(IEnumerable`1 superset, Int32 pageNumber, Int32 pageSize)
   at PagedList.PagedListExtensions.ToPagedList[T](IEnumerable`1 superset, Int32 pageNumber, Int32 pageSize)
   at LoanOFFER.Web.Controllers.SalaryTopUpReportController.Index(Nullable`1 page, String search) in C:\Users\HP PC\Source\Repos\329 Loan Offer\329 Loan Offer Project\LoanOFFER.Web\Controllers\SalaryTopUpReportController.cs:line 50
2020-12-08 01:26:19.7107 INFO 12/8/2020 1:26:19 AM
2020-12-08 01:26:30.4397 INFO Connection to database to fetch Salary Top-Up Plus Loan Offer Report!
2020-12-08 01:26:37.1223 INFO Reader is not null..
2020-12-08 01:27:23.7711 INFO Reader is equal to true..
2020-12-08 01:27:27.1814 INFO  Salary Top-Up Plus Loan Offer Report data fetched from database successfully
2020-12-08 01:27:50.5352 INFO start date:31-Dec-2019
2020-12-08 01:27:50.5352 INFO end date:03-Dec-2020
2020-12-08 01:27:50.5352 INFO Salary Top-Up Plus Loan Report Loaded Successful
2020-12-08 01:27:54.1230 INFO Home Page Loaded: 12/8/2020 1:27:54 AM
2020-12-08 11:10:43.5142 INFO NEW LOGIN
2020-12-08 11:10:43.7332 INFO Home Page Loaded: 12/8/2020 11:10:43 AM
