2020-08-27 09:56:43.8679 INFO Home Page Loaded: 8/27/2020 9:56:43 AM
2020-08-27 09:58:26.7151 INFO Home Page Loaded: 8/27/2020 9:58:26 AM
2020-08-27 11:08:56.3196 INFO Home Page Loaded: 8/27/2020 11:08:56 AM
2020-08-27 11:10:54.1506 INFO Home Page Loaded: 8/27/2020 11:10:54 AM
2020-08-27 11:14:03.2086 INFO Home Page Loaded: 8/27/2020 11:14:03 AM
2020-08-27 11:14:33.5077 INFO Home Page Loaded: 8/27/2020 11:14:33 AM
2020-08-27 11:14:41.6292 INFO Home Page Loaded: 8/27/2020 11:14:41 AM
2020-08-27 11:14:42.1191 INFO Home Page Loaded: 8/27/2020 11:14:42 AM
2020-08-27 11:14:42.9091 INFO Home Page Loaded: 8/27/2020 11:14:42 AM
2020-08-27 11:17:23.7449 INFO Home Page Loaded: 8/27/2020 11:17:23 AM
2020-08-27 11:28:28.8708 INFO NEW LOGIN
2020-08-27 11:32:35.7504 INFO Incorrect login details
2020-08-27 11:35:28.3255 INFO NEW LOGIN
2020-08-27 11:35:32.7363 INFO Incorrect login details
2020-08-27 11:36:06.7791 INFO NEW LOGIN
2020-08-27 11:41:11.4720 INFO Group: Business Automation
2020-08-27 11:41:12.7759 INFO UserId:1
2020-08-27 11:41:48.1347 INFO Signed in User: tella.adesina
2020-08-27 11:41:52.3524 INFO IP Address: ::1
2020-08-27 11:41:53.3034 INFO IP Address: TELLA-PC
2020-08-27 11:42:30.0026 INFO Home Page Loaded: 8/27/2020 11:42:30 AM
2020-08-27 11:44:39.5695 INFO NEW LOGIN
2020-08-27 11:46:08.1790 INFO Group: Business Automation
2020-08-27 11:46:09.0039 INFO UserId:1
2020-08-27 11:46:25.8818 INFO Signed in User: tella.adesina
2020-08-27 11:46:27.8527 INFO IP Address: ::1
2020-08-27 11:46:28.6197 INFO IP Address: TELLA-PC
2020-08-27 11:46:48.9564 INFO Home Page Loaded: 8/27/2020 11:46:48 AM
2020-08-27 11:51:51.8137 INFO Home Page Loaded: 8/27/2020 11:51:51 AM
2020-08-27 11:52:01.2841 INFO Home Page Loaded: 8/27/2020 11:52:01 AM
2020-08-27 11:53:24.7369 INFO Home Page Loaded: 8/27/2020 11:53:24 AM
2020-08-27 11:54:53.1208 INFO Home Page Loaded: 8/27/2020 11:54:53 AM
2020-08-27 12:00:19.2249 INFO Home Page Loaded: 8/27/2020 12:00:19 PM
2020-08-27 12:03:41.9689 INFO Home Page Loaded: 8/27/2020 12:03:41 PM
2020-08-27 12:05:11.9958 INFO Home Page Loaded: 8/27/2020 12:05:11 PM
2020-08-27 12:06:04.4915 INFO Home Page Loaded: 8/27/2020 12:06:04 PM
2020-08-27 12:10:01.6847 INFO NEW LOGIN
2020-08-27 12:10:13.8629 INFO Group: Business Automation
2020-08-27 12:10:13.8629 INFO UserId:1
2020-08-27 12:10:16.0148 INFO Signed in User: tella.adesina
2020-08-27 12:10:16.0148 INFO IP Address: ::1
2020-08-27 12:10:16.0148 INFO IP Address: TELLA-PC
2020-08-27 12:10:51.7231 INFO NEW LOGIN
2020-08-27 12:15:11.4800 INFO Group: Business Automation
2020-08-27 12:15:12.1459 INFO UserId:1
2020-08-27 12:15:27.0180 INFO Signed in User: tella.adesina
2020-08-27 12:15:28.7839 INFO IP Address: ::1
2020-08-27 12:15:29.1789 INFO IP Address: TELLA-PC
2020-08-27 12:20:34.9720 INFO NEW LOGIN
2020-08-27 12:20:55.2698 INFO Incorrect login details
2020-08-27 12:21:43.3128 INFO NEW LOGIN
2020-08-27 12:22:04.2415 INFO Group: Business Automation
2020-08-27 12:22:04.9035 INFO UserId:1
2020-08-27 12:22:19.1446 INFO Signed in User: tella.adesina
2020-08-27 12:22:20.4285 INFO IP Address: ::1
2020-08-27 12:22:21.0485 INFO IP Address: TELLA-PC
2020-08-27 12:23:37.7577 INFO NEW LOGIN
2020-08-27 12:24:44.1356 INFO Group: Business Automation
2020-08-27 12:24:46.0835 INFO UserId:1
2020-08-27 12:25:34.3795 INFO Signed in User: tella.adesina
2020-08-27 12:25:38.7252 INFO IP Address: ::1
2020-08-27 12:25:40.6141 INFO IP Address: TELLA-PC
2020-08-27 12:33:56.7165 INFO NEW LOGIN
2020-08-27 12:35:43.6478 INFO Group: Business Automation
2020-08-27 12:35:44.4308 INFO UserId:1
2020-08-27 12:35:56.3191 INFO Signed in User: tella.adesina
2020-08-27 12:35:57.0630 INFO IP Address: ::1
2020-08-27 12:35:57.6260 INFO IP Address: TELLA-PC
2020-08-27 12:44:34.5171 INFO NEW LOGIN
2020-08-27 12:44:49.7471 INFO Group: Business Automation
2020-08-27 12:44:49.7471 INFO UserId:1
2020-08-27 12:44:53.1259 INFO Signed in User: tella.adesina
2020-08-27 12:44:53.1259 INFO IP Address: ::1
2020-08-27 12:44:53.1259 INFO IP Address: TELLA-PC
2020-08-27 12:44:53.2779 INFO Home Page Loaded: 8/27/2020 12:44:53 PM
2020-08-27 14:08:40.3669 INFO NEW LOGIN
2020-08-27 14:09:08.8895 INFO Group: Business Automation
2020-08-27 14:09:08.8895 INFO UserId:1
2020-08-27 14:09:12.6989 INFO Signed in User: tella.adesina
2020-08-27 14:09:12.6989 INFO IP Address: ::1
2020-08-27 14:09:12.6989 INFO IP Address: TELLA-PC
2020-08-27 14:09:13.1137 INFO Home Page Loaded: 8/27/2020 2:09:13 PM
2020-08-27 14:24:36.6084 INFO Home Page Loaded: 8/27/2020 2:24:36 PM
2020-08-27 14:24:54.2649 INFO Home Page Loaded: 8/27/2020 2:24:54 PM
2020-08-27 14:27:14.2219 INFO Home Page Loaded: 8/27/2020 2:27:14 PM
