2020-11-13 08:31:44.7759 INFO 11/13/2020 8:31:44 AM
2020-11-13 08:20:00.5343 INFO Home Page Loaded: 11/13/2020 8:20:00 AM
2020-11-13 08:20:15.7103 INFO NEW LOGIN
2020-11-13 08:20:15.9383 INFO Home Page Loaded: 11/13/2020 8:20:15 AM
2020-11-13 08:56:04.5786 INFO Home Page Loaded: 11/13/2020 8:56:04 AM
2020-11-13 09:08:42.5261 INFO 11/13/2020 9:08:42 AM
2020-11-13 09:15:25.2862 INFO 11/13/2020 9:15:25 AM
2020-11-13 09:17:08.5409 INFO Connection to database to fetch Remitta Loan Offer Report!
2020-11-13 09:17:10.4817 INFO Reader is not null..
2020-11-13 09:17:10.4817 INFO Reader is equal to true..
2020-11-13 09:17:12.6666 INFO  Remitta Loan Offer Report data fetched from database successfully
2020-11-13 09:42:30.3903 INFO NEW LOGIN
2020-11-13 09:42:30.6064 INFO Home Page Loaded: 11/13/2020 9:42:30 AM
2020-11-13 09:43:58.0007 INFO 11/13/2020 9:43:57 AM
2020-11-13 09:54:10.7406 INFO 11/13/2020 9:54:10 AM
2020-11-13 09:54:14.6499 INFO Connection to Simbrella Loan Offer Report was successful!
2020-11-13 09:54:17.0508 INFO  Simbrella Loan Offer Report data fetched from database successfully
2020-11-13 09:54:33.2701 INFO start date:01-Jan-2020
2020-11-13 09:54:33.2701 INFO end date:29-Oct-2020
2020-11-13 09:54:33.2701 INFO  Simbrella Loan Offer Report Loaded Successfully
2020-11-13 10:01:12.7436 INFO NEW LOGIN
2020-11-13 10:01:12.9606 INFO Home Page Loaded: 11/13/2020 10:01:12 AM
2020-11-13 10:02:05.4552 INFO 11/13/2020 10:02:05 AM
2020-11-13 10:02:32.9427 INFO 11/13/2020 10:02:32 AM
2020-11-13 10:04:24.9354 INFO 11/13/2020 10:04:24 AM
2020-11-13 10:05:36.0424 INFO 11/13/2020 10:05:36 AM
2020-11-13 10:05:38.9986 INFO Connection to Simbrella Loan Offer Report was successful!
2020-11-13 10:05:39.9784 INFO  Simbrella Loan Offer Report data fetched from database successfully
2020-11-13 10:05:49.4696 INFO start date:01-Jan-2020
2020-11-13 10:05:49.4696 INFO end date:29-Oct-2020
2020-11-13 10:05:49.4696 INFO  Simbrella Loan Offer Report Loaded Successfully
2020-11-13 09:36:50.0274 INFO 11/13/2020 9:36:50 AM
2020-11-13 09:37:07.7064 INFO Connection to Simbrella Loan Offer Report was successful!
2020-11-13 09:37:14.5317 INFO  Simbrella Loan Offer Report data fetched from database successfully
2020-11-13 09:37:27.4826 INFO start date:01-Jan-2020
2020-11-13 09:37:28.4884 INFO end date:28-Oct-2020
2020-11-13 09:37:29.2525 INFO  Simbrella Loan Offer Report Loaded Successfully
2020-11-13 10:08:01.3684 INFO NEW LOGIN
2020-11-13 10:08:01.4484 INFO Home Page Loaded: 11/13/2020 10:08:01 AM
2020-11-13 10:08:13.8826 INFO 11/13/2020 10:08:13 AM
2020-11-13 10:08:54.2360 INFO 11/13/2020 10:08:54 AM
2020-11-13 09:28:38.3051 INFO 11/13/2020 9:28:38 AM
2020-11-13 09:29:49.6555 INFO 11/13/2020 9:29:49 AM
2020-11-13 09:30:20.4045 INFO 11/13/2020 9:30:20 AM
2020-11-13 09:32:22.1196 INFO 11/13/2020 9:32:22 AM
2020-11-13 09:40:17.5566 INFO 11/13/2020 9:40:17 AM
2020-11-13 09:41:17.4367 INFO 11/13/2020 9:41:17 AM
2020-11-13 09:41:55.1613 INFO 11/13/2020 9:41:55 AM
2020-11-13 09:42:35.9817 INFO 11/13/2020 9:42:35 AM
2020-11-13 10:03:55.9693 INFO 11/13/2020 10:03:55 AM
2020-11-13 10:04:55.9854 INFO 11/13/2020 10:04:55 AM
2020-11-13 10:10:48.7819 INFO NEW LOGIN
2020-11-13 10:10:49.3949 INFO Home Page Loaded: 11/13/2020 10:10:49 AM
2020-11-13 10:11:09.6056 INFO 11/13/2020 10:11:09 AM
2020-11-13 10:13:32.1854 INFO 11/13/2020 10:13:32 AM
2020-11-13 10:22:48.5443 INFO NEW LOGIN
2020-11-13 10:22:48.6872 INFO Home Page Loaded: 11/13/2020 10:22:48 AM
2020-11-13 10:23:08.7489 INFO 11/13/2020 10:23:08 AM
2020-11-13 10:23:48.7124 INFO 11/13/2020 10:23:48 AM
2020-11-13 09:28:38.8726 INFO NEW LOGIN
2020-11-13 09:28:39.2286 INFO Home Page Loaded: 11/13/2020 9:28:39 AM
2020-11-13 09:29:06.8429 INFO 11/13/2020 9:29:06 AM
2020-11-13 09:30:08.8754 INFO 11/13/2020 9:30:08 AM
2020-11-13 09:31:19.1928 INFO Connection to Simbrella Loan Offer Report was successful!
2020-11-13 09:31:39.6455 INFO  Simbrella Loan Offer Report data fetched from database successfully
2020-11-13 09:32:14.9532 INFO start date:01-Jan-2018
2020-11-13 09:32:16.1842 INFO end date:03-Jan-2018
2020-11-13 09:32:17.6271 INFO  Simbrella Loan Offer Report Loaded Successfully
2020-11-13 09:48:55.9970 INFO NEW LOGIN
2020-11-13 09:48:56.2820 INFO Home Page Loaded: 11/13/2020 9:48:56 AM
2020-11-13 09:49:28.3049 INFO 11/13/2020 9:49:28 AM
2020-11-13 09:50:20.8565 INFO 11/13/2020 9:50:20 AM
2020-11-13 09:50:29.5690 INFO Connection to Simbrella Loan Offer Report was successful!
2020-11-13 09:50:32.9218 INFO  Simbrella Loan Offer Report data fetched from database successfully
2020-11-13 09:50:45.9249 INFO start date:01-Jan-2018
2020-11-13 09:50:45.9249 INFO end date:26-Oct-2020
2020-11-13 09:50:45.9249 INFO  Simbrella Loan Offer Report Loaded Successfully
