2020-11-27 08:39:04.6201 INFO NEW LOGIN
2020-11-27 08:39:05.0351 INFO Home Page Loaded: 11/27/2020 8:39:05 AM
2020-11-27 10:19:16.7951 INFO 11/27/2020 10:19:16 AM
2020-11-27 10:21:38.4614 INFO 11/27/2020 10:21:38 AM
2020-11-27 10:19:00.7007 INFO Connection to Simbrella Loan Offer Report was successful!
2020-11-27 10:28:22.9878 INFO NEW LOGIN
2020-11-27 10:28:23.3598 INFO Home Page Loaded: 11/27/2020 10:28:23 AM
2020-11-27 10:28:32.3673 INFO 11/27/2020 10:28:32 AM
2020-11-27 11:05:27.8935 INFO 11/27/2020 11:05:27 AM
2020-11-27 11:06:02.8434 INFO Connection to Simbrella Loan Offer Report was successful!
2020-11-27 11:07:24.6773 INFO  Simbrella Loan Offer Report data fetched from database successfully
2020-11-27 11:07:24.8113 INFO 11/27/2020 11:07:24 AM
2020-11-27 11:13:59.5940 INFO 11/27/2020 11:13:59 AM
2020-11-27 11:18:04.9695 INFO 11/27/2020 11:18:04 AM
2020-11-27 11:38:53.9710 INFO 11/27/2020 11:38:53 AM
2020-11-27 11:39:35.6651 INFO NEW LOGIN
2020-11-27 11:39:37.2310 INFO Home Page Loaded: 11/27/2020 11:39:37 AM
2020-11-27 11:41:12.0422 INFO 11/27/2020 11:41:12 AM
2020-11-27 11:41:32.3670 INFO Connection to Simbrella Loan Offer Report was successful!
2020-11-27 11:41:51.3698 INFO  Simbrella Loan Offer Report data fetched from database successfully
2020-11-27 11:54:14.0629 INFO 11/27/2020 11:54:14 AM
2020-11-27 11:54:38.1376 INFO NEW LOGIN
2020-11-27 11:54:38.5935 INFO Home Page Loaded: 11/27/2020 11:54:38 AM
2020-11-27 11:55:20.0890 INFO 11/27/2020 11:55:20 AM
2020-11-27 11:58:54.9488 INFO 11/27/2020 11:58:54 AM
2020-11-27 11:58:54.9488 INFO 11/27/2020 11:58:54 AM
2020-11-27 11:59:06.7046 INFO NEW LOGIN
2020-11-27 11:59:06.7886 INFO Home Page Loaded: 11/27/2020 11:59:06 AM
2020-11-27 11:59:35.3428 INFO 11/27/2020 11:59:35 AM
2020-11-27 11:59:40.4595 INFO Connection to Simbrella Loan Offer Report was successful!
2020-11-27 11:59:40.8485 INFO  Simbrella Loan Offer Report data fetched from database successfully
2020-11-27 12:00:00.5633 INFO start date:01-Jan-2017
2020-11-27 12:00:00.5633 INFO end date:26-Nov-2020
2020-11-27 12:00:00.5633 INFO  Simbrella Loan Offer Report Loaded Successfully
2020-11-27 12:01:43.6407 INFO 11/27/2020 12:01:43 PM
2020-11-27 12:06:39.2726 INFO 11/27/2020 12:06:39 PM
2020-11-27 12:08:45.5102 INFO Connection to Simbrella Loan Offer Report was successful!
2020-11-27 12:16:13.5257 INFO 11/27/2020 12:16:13 PM
2020-11-27 12:22:06.0683 INFO NEW LOGIN
2020-11-27 12:22:06.3823 INFO Home Page Loaded: 11/27/2020 12:22:06 PM
2020-11-27 12:22:12.5139 INFO 11/27/2020 12:22:12 PM
2020-11-27 12:24:13.9971 INFO 11/27/2020 12:24:13 PM
2020-11-27 12:24:54.1266 INFO Connection to Simbrella Loan Offer Report was successful!
2020-11-27 12:50:49.0694 INFO NEW LOGIN
2020-11-27 12:50:49.7634 INFO Home Page Loaded: 11/27/2020 12:50:49 PM
2020-11-27 12:51:02.2156 INFO 11/27/2020 12:51:02 PM
2020-11-27 12:54:47.4018 INFO 11/27/2020 12:54:47 PM
2020-11-27 12:54:56.7482 INFO Connection to database to fetch Remitta Loan Offer Report!
2020-11-27 12:54:57.0102 INFO Reader is not null..
2020-11-27 12:54:57.0102 INFO  Remitta Loan Offer Report data fetched from database successfully
2020-11-27 12:55:15.7111 INFO start date:01-Jan-2018
2020-11-27 12:55:15.7111 INFO end date:11-Nov-2020
2020-11-27 12:55:15.7111 INFO  Remitta Report Loaded Successful
2020-11-27 12:55:52.5558 INFO Home Page Loaded: 11/27/2020 12:55:52 PM
2020-11-27 12:55:57.3155 INFO 11/27/2020 12:55:57 PM
2020-11-27 13:00:04.5744 INFO 11/27/2020 1:00:04 PM
2020-11-27 13:00:07.3333 INFO Connection to database to fetch Salary Top-Up Plus Loan Offer Report!
2020-11-27 13:00:08.7812 INFO Reader is not null..
2020-11-27 13:00:08.7812 INFO Reader is equal to true..
2020-11-27 13:00:09.1411 ERROR System.OverflowException: Value was either too large or too small for an Int32.
   at System.Number.ParseInt32(String s, NumberStyles style, NumberFormatInfo info)
   at System.Int32.Parse(String s)
   at LoanOFFER.Data.DAL.LoanOfferDb.GetSalaryTopPlus(String RequestDate, String LogDate) in C:\Users\HP PC\Source\Repos\329 Loan Offer\329 Loan Offer Project\LoanOFFER.Data\DAL\LoanOfferDb.cs:line 257
2020-11-27 13:00:09.8421 ERROR System.ArgumentNullException: Value cannot be null.
Parameter name: source
   at System.Linq.Queryable.AsQueryable[TElement](IEnumerable`1 source)
   at PagedList.PagedList`1..ctor(IEnumerable`1 superset, Int32 pageNumber, Int32 pageSize)
   at PagedList.PagedListExtensions.ToPagedList[T](IEnumerable`1 superset, Int32 pageNumber, Int32 pageSize)
   at LoanOFFER.Web.Controllers.SalaryTopUpReportController.Index(Nullable`1 page, String search) in C:\Users\HP PC\Source\Repos\329 Loan Offer\329 Loan Offer Project\LoanOFFER.Web\Controllers\SalaryTopUpReportController.cs:line 50
2020-11-27 16:56:34.4517 INFO 11/27/2020 4:56:34 PM
2020-11-27 16:56:34.4647 INFO 11/27/2020 4:56:34 PM
