2020-12-18 08:08:43.8090 INFO Home Page Loaded: 12/18/2020 8:08:43 AM
2020-12-18 08:08:45.6363 INFO Home Page Loaded: 12/18/2020 8:08:45 AM
2020-12-18 08:14:51.0551 INFO Home Page Loaded: 12/18/2020 8:14:51 AM
2020-12-18 08:42:23.3905 INFO Home Page Loaded: 12/18/2020 8:42:23 AM
2020-12-18 08:43:45.9903 INFO Home Page Loaded: 12/18/2020 8:43:45 AM
2020-12-18 09:01:36.0873 INFO NEW LOGIN
2020-12-18 11:41:00.6326 INFO NEW LOGIN
2020-12-18 11:41:15.2807 INFO NEW LOGIN
2020-12-18 11:41:16.6080 INFO Signed in User: tella.adesina
2020-12-18 11:41:16.6080 INFO IP Address: ::1
2020-12-18 11:41:16.6080 INFO IP Address: TELLA-PC
2020-12-18 11:41:49.3689 INFO NEW LOGIN
2020-12-18 11:41:49.5204 INFO Signed in User: tella.adesina
2020-12-18 11:41:49.5204 INFO IP Address: ::1
2020-12-18 11:41:49.5204 INFO IP Address: TELLA-PC
2020-12-18 11:42:13.7444 INFO NEW LOGIN
2020-12-18 11:42:13.8840 INFO Signed in User: tella.adesina
2020-12-18 11:42:13.8840 INFO IP Address: ::1
2020-12-18 11:42:13.8840 INFO IP Address: TELLA-PC
2020-12-18 11:46:50.2308 INFO NEW LOGIN
2020-12-18 11:46:51.2293 INFO Signed in User: tella.adesina
2020-12-18 11:46:51.2293 INFO IP Address: ::1
2020-12-18 11:46:51.2293 INFO IP Address: TELLA-PC
2020-12-18 11:46:53.3563 INFO NEW LOGIN
2020-12-18 13:42:22.5390 INFO NEW LOGIN
2020-12-18 13:43:06.7834 INFO NEW LOGIN
2020-12-18 13:43:07.8885 INFO Signed in User: tella.adesina
2020-12-18 13:43:07.8885 INFO IP Address: ::1
2020-12-18 13:43:07.8885 INFO IP Address: TELLA-PC
2020-12-18 13:43:11.4700 INFO NEW LOGIN
2020-12-18 13:43:33.2395 INFO NEW LOGIN
2020-12-18 13:44:35.7607 INFO NEW LOGIN
2020-12-18 13:44:50.6238 INFO NEW LOGIN
2020-12-18 13:44:52.6136 INFO Signed in User: tella.adesina
2020-12-18 13:44:52.6136 INFO IP Address: ::1
2020-12-18 13:44:52.6136 INFO IP Address: TELLA-PC
