2021-06-02 13:55:51.4358 INFO NEW LOGIN
2021-06-02 13:55:59.0005 INFO Signed in User: tella.adesina
2021-06-02 13:55:59.0005 INFO IP Address: ::1
2021-06-02 13:55:59.0005 INFO IP Address: TELLA-PC
2021-06-02 13:55:59.0335 INFO Home Page Loaded: 6/2/2021 1:55:59 PM
2021-06-02 13:56:01.6072 INFO 6/2/2021 1:56:01 PM
2021-06-02 13:56:29.6414 INFO 6/2/2021 1:56:29 PM
2021-06-02 13:56:31.6921 INFO Connection to database to fetch Salary Top-Up Plus Loan Offer Report!
2021-06-02 13:56:33.4003 INFO Reader is not null..
2021-06-02 13:56:33.4003 INFO Reader is equal to true..
2021-06-02 13:56:35.6902 INFO  Salary Top-Up Plus Loan Offer Report data fetched from database successfully
2021-06-02 13:56:35.7402 INFO start date:05-Jan-2014
2021-06-02 13:56:35.7402 INFO end date:01-Jun-2021
2021-06-02 13:56:35.7402 INFO Salary Top-Up Plus Loan Report Loaded Successful
2021-06-02 13:57:57.5500 INFO NEW LOGIN
2021-06-02 13:58:01.9562 INFO Signed in User: tella.adesina
2021-06-02 13:58:01.9562 INFO IP Address: ::1
2021-06-02 13:58:01.9562 INFO IP Address: TELLA-PC
2021-06-02 13:58:01.9872 INFO Home Page Loaded: 6/2/2021 1:58:01 PM
2021-06-02 13:58:04.3118 INFO 6/2/2021 1:58:04 PM
2021-06-02 13:58:07.0025 INFO 6/2/2021 1:58:07 PM
2021-06-02 13:58:07.5194 INFO 6/2/2021 1:58:07 PM
2021-06-02 13:58:20.9346 INFO 6/2/2021 1:58:20 PM
2021-06-02 13:58:22.7948 INFO Connection to database to fetch Salary Top-Up Plus Loan Offer Report!
2021-06-02 13:58:23.8196 INFO Reader is not null..
2021-06-02 13:58:23.8196 INFO Reader is equal to true..
2021-06-02 13:58:32.2393 INFO  Salary Top-Up Plus Loan Offer Report data fetched from database successfully
2021-06-02 13:58:32.3003 INFO start date:25-Dec-2011
2021-06-02 13:58:32.3003 INFO end date:01-Jun-2021
2021-06-02 13:58:32.3003 INFO Salary Top-Up Plus Loan Report Loaded Successful
2021-06-02 14:26:22.7615 INFO NEW LOGIN
2021-06-02 14:26:27.6466 INFO Signed in User: tella.adesina
2021-06-02 14:26:27.6466 INFO IP Address: ::1
2021-06-02 14:26:27.6466 INFO IP Address: TELLA-PC
2021-06-02 14:26:27.6696 INFO Home Page Loaded: 6/2/2021 2:26:27 PM
2021-06-02 14:26:30.0861 INFO 6/2/2021 2:26:30 PM
2021-06-02 14:27:39.1082 INFO 6/2/2021 2:27:39 PM
2021-06-02 14:27:41.4074 INFO Connection to database to fetch Salary Top-Up Plus Loan Offer Report!
2021-06-02 14:27:41.6734 INFO Reader is not null..
2021-06-02 14:27:41.6734 INFO  Salary Top-Up Plus Loan Offer Report data fetched from database successfully
2021-06-02 14:27:41.7104 INFO start date:01-Jun-2021
2021-06-02 14:27:41.7104 INFO end date:01-Jun-2021
2021-06-02 14:27:41.7104 INFO Salary Top-Up Plus Loan Report Loaded Successful
2021-06-02 14:45:43.3911 INFO NEW LOGIN
2021-06-02 14:45:49.2552 INFO Signed in User: tella.adesina
2021-06-02 14:45:49.2552 INFO IP Address: ::1
2021-06-02 14:45:49.2552 INFO IP Address: TELLA-PC
2021-06-02 14:45:49.2832 INFO Home Page Loaded: 6/2/2021 2:45:49 PM
2021-06-02 14:46:13.3059 INFO 6/2/2021 2:46:13 PM
2021-06-02 14:46:25.4684 INFO 6/2/2021 2:46:25 PM
2021-06-02 14:46:25.5194 INFO Connection to database to fetch Salary Top-Up Plus Loan Offer Report!
2021-06-02 14:46:25.8764 INFO Reader is not null..
2021-06-02 14:46:25.8764 INFO  Salary Top-Up Plus Loan Offer Report data fetched from database successfully
2021-06-02 14:46:25.9374 INFO start date:01-Jun-2021
2021-06-02 14:46:25.9374 INFO end date:01-Jun-2021
2021-06-02 14:46:25.9374 INFO Salary Top-Up Plus Loan Report Loaded Successful
2021-06-02 14:46:34.3852 INFO 6/2/2021 2:46:34 PM
2021-06-02 14:46:34.3852 INFO Connection to database to fetch Salary Top-Up Plus Loan Offer Report!
2021-06-02 14:46:34.5152 INFO Reader is not null..
2021-06-02 14:46:34.5152 INFO  Salary Top-Up Plus Loan Offer Report data fetched from database successfully
2021-06-02 14:46:34.9223 INFO start date:01-Jun-2021
2021-06-02 14:46:34.9223 INFO end date:01-Jun-2021
2021-06-02 14:46:34.9223 INFO Salary Top-Up Plus Loan Report Loaded Successful
2021-06-02 14:46:41.2133 INFO 6/2/2021 2:46:41 PM
2021-06-02 14:46:41.2133 INFO Connection to database to fetch Salary Top-Up Plus Loan Offer Report!
2021-06-02 14:46:42.0784 INFO Reader is not null..
2021-06-02 14:46:42.0784 INFO Reader is equal to true..
2021-06-02 14:46:46.8718 INFO  Salary Top-Up Plus Loan Offer Report data fetched from database successfully
2021-06-02 14:46:46.8918 INFO start date:31-May-2021
2021-06-02 14:46:46.8918 INFO end date:01-Jun-2021
2021-06-02 14:46:46.8918 INFO Salary Top-Up Plus Loan Report Loaded Successful
2021-06-02 14:46:52.8483 INFO 6/2/2021 2:46:52 PM
2021-06-02 14:46:52.8483 INFO Connection to database to fetch Salary Top-Up Plus Loan Offer Report!
2021-06-02 14:46:53.1613 INFO Reader is not null..
2021-06-02 14:46:53.1613 INFO Reader is equal to true..
2021-06-02 14:47:02.1206 INFO  Salary Top-Up Plus Loan Offer Report data fetched from database successfully
2021-06-02 14:47:02.1538 INFO start date:31-May-2021
2021-06-02 14:47:02.1538 INFO end date:01-Jun-2021
2021-06-02 14:47:02.1538 INFO Salary Top-Up Plus Loan Report Loaded Successful
2021-06-02 14:47:08.8722 INFO 6/2/2021 2:47:08 PM
2021-06-02 14:47:08.8722 INFO Connection to database to fetch Salary Top-Up Plus Loan Offer Report!
2021-06-02 14:47:09.2014 INFO Reader is not null..
2021-06-02 14:47:09.2014 INFO Reader is equal to true..
2021-06-02 14:47:14.1339 INFO  Salary Top-Up Plus Loan Offer Report data fetched from database successfully
2021-06-02 14:47:14.1852 INFO start date:31-May-2021
2021-06-02 14:47:14.1852 INFO end date:01-Jun-2021
2021-06-02 14:47:14.1852 INFO Salary Top-Up Plus Loan Report Loaded Successful
2021-06-02 14:47:45.5099 INFO 6/2/2021 2:47:45 PM
2021-06-02 14:47:45.5099 INFO Connection to database to fetch Salary Top-Up Plus Loan Offer Report!
2021-06-02 14:47:45.7169 INFO Reader is not null..
2021-06-02 14:47:45.7169 INFO Reader is equal to true..
2021-06-02 14:47:50.4574 INFO  Salary Top-Up Plus Loan Offer Report data fetched from database successfully
2021-06-02 14:47:50.4933 INFO start date:31-May-2021
2021-06-02 14:47:50.4933 INFO end date:01-Jun-2021
2021-06-02 14:47:50.4933 INFO Salary Top-Up Plus Loan Report Loaded Successful
2021-06-02 14:48:03.5846 INFO 6/2/2021 2:48:03 PM
2021-06-02 14:48:03.5846 INFO Connection to database to fetch Salary Top-Up Plus Loan Offer Report!
2021-06-02 14:48:03.7237 INFO Reader is not null..
2021-06-02 14:48:03.7237 INFO Reader is equal to true..
2021-06-02 14:48:08.5129 INFO  Salary Top-Up Plus Loan Offer Report data fetched from database successfully
2021-06-02 14:48:08.5329 INFO start date:31-May-2021
2021-06-02 14:48:08.5329 INFO end date:01-Jun-2021
2021-06-02 14:48:08.5329 INFO Salary Top-Up Plus Loan Report Loaded Successful
2021-06-02 14:48:31.3506 INFO 6/2/2021 2:48:31 PM
2021-06-02 14:48:31.3506 INFO Connection to database to fetch Salary Top-Up Plus Loan Offer Report!
2021-06-02 14:48:31.7810 INFO Reader is not null..
2021-06-02 14:48:31.7810 INFO Reader is equal to true..
2021-06-02 14:48:36.9156 INFO  Salary Top-Up Plus Loan Offer Report data fetched from database successfully
2021-06-02 14:48:36.9326 INFO start date:31-May-2021
2021-06-02 14:48:36.9326 INFO end date:01-Jun-2021
2021-06-02 14:48:36.9326 INFO Salary Top-Up Plus Loan Report Loaded Successful
2021-06-02 14:50:33.2259 INFO Home Page Loaded: 6/2/2021 2:50:33 PM
2021-06-02 18:26:17.6317 INFO NEW LOGIN
2021-06-02 18:26:25.5617 INFO Signed in User: tella.adesina
2021-06-02 18:26:25.5617 INFO IP Address: ::1
2021-06-02 18:26:25.5617 INFO IP Address: TELLA-PC
2021-06-02 18:26:25.5857 INFO Home Page Loaded: 6/2/2021 6:26:25 PM
2021-06-02 18:26:28.1008 INFO 6/2/2021 6:26:28 PM
2021-06-02 18:26:40.2576 INFO 6/2/2021 6:26:40 PM
2021-06-02 18:26:40.7862 INFO Connection to database to fetch Salary Top-Up Plus Loan Offer Report!
2021-06-02 18:26:41.9434 INFO Reader is not null..
2021-06-02 18:26:41.9434 INFO Reader is equal to true..
2021-06-02 18:27:01.0578 INFO  Salary Top-Up Plus Loan Offer Report data fetched from database successfully
2021-06-02 18:27:01.3463 INFO start date:31-May-2021
2021-06-02 18:27:01.3463 INFO end date:01-Jun-2021
2021-06-02 18:27:01.3463 INFO Salary Top-Up Plus Loan Report Loaded Successful
2021-06-02 18:27:14.3301 INFO 6/2/2021 6:27:14 PM
2021-06-02 18:27:14.3301 INFO Connection to database to fetch Salary Top-Up Plus Loan Offer Report!
2021-06-02 18:27:15.1844 INFO Reader is not null..
2021-06-02 18:27:15.1844 INFO Reader is equal to true..
2021-06-02 18:27:56.4649 INFO  Salary Top-Up Plus Loan Offer Report data fetched from database successfully
2021-06-02 18:27:56.8499 INFO start date:31-May-2021
2021-06-02 18:27:56.8499 INFO end date:01-Jun-2021
2021-06-02 18:27:56.8499 INFO Salary Top-Up Plus Loan Report Loaded Successful
2021-06-02 18:28:17.5800 INFO Home Page Loaded: 6/2/2021 6:28:17 PM
2021-06-02 18:28:23.3894 INFO 6/2/2021 6:28:23 PM
2021-06-02 18:28:35.2017 INFO 6/2/2021 6:28:35 PM
2021-06-02 18:28:37.4431 INFO Connection to Simbrella Loan Offer Report was successful!
2021-06-02 18:28:37.7101 ERROR System.Data.SqlClient.SqlException (0x80131904): Invalid object name 'vx_FastCashEligibiltyInfo'.
   at System.Data.SqlClient.SqlConnection.OnError(SqlException exception, Boolean breakConnection, Action`1 wrapCloseInAction)
   at System.Data.SqlClient.SqlInternalConnection.OnError(SqlException exception, Boolean breakConnection, Action`1 wrapCloseInAction)
   at System.Data.SqlClient.TdsParser.ThrowExceptionAndWarning(TdsParserStateObject stateObj, Boolean callerHasConnectionLock, Boolean asyncClose)
   at System.Data.SqlClient.TdsParser.TryRun(RunBehavior runBehavior, SqlCommand cmdHandler, SqlDataReader dataStream, BulkCopySimpleResultSet bulkCopyHandler, TdsParserStateObject stateObj, Boolean& dataReady)
   at System.Data.SqlClient.SqlDataReader.TryConsumeMetaData()
   at System.Data.SqlClient.SqlDataReader.get_MetaData()
   at System.Data.SqlClient.SqlCommand.FinishExecuteReader(SqlDataReader ds, RunBehavior runBehavior, String resetOptionsString, Boolean isInternal, Boolean forDescribeParameterEncryption, Boolean shouldCacheForAlwaysEncrypted)
   at System.Data.SqlClient.SqlCommand.RunExecuteReaderTds(CommandBehavior cmdBehavior, RunBehavior runBehavior, Boolean returnStream, Boolean async, Int32 timeout, Task& task, Boolean asyncWrite, Boolean inRetry, SqlDataReader ds, Boolean describeParameterEncryptionRequest)
   at System.Data.SqlClient.SqlCommand.RunExecuteReader(CommandBehavior cmdBehavior, RunBehavior runBehavior, Boolean returnStream, String method, TaskCompletionSource`1 completion, Int32 timeout, Task& task, Boolean& usedCache, Boolean asyncWrite, Boolean inRetry)
   at System.Data.SqlClient.SqlCommand.RunExecuteReader(CommandBehavior cmdBehavior, RunBehavior runBehavior, Boolean returnStream, String method)
   at System.Data.SqlClient.SqlCommand.ExecuteReader(CommandBehavior behavior, String method)
   at System.Data.SqlClient.SqlCommand.ExecuteReader()
   at LoanOFFER.Data.DAL.LoanOfferDb.GetSimbrellaLoanDb(String RequestTime, String LogDate, String CustId) in C:\Users\DELL\source\repos\329LoanOfferScreenLog\LoanOFFER.Data\DAL\LoanOfferDb.cs:line 143
ClientConnectionId:fca172ff-d6c5-4895-8d04-3c7422c337d1
Error Number:208,State:1,Class:16
