2021-06-28 07:32:41.1745 INFO NEW LOGIN
2021-06-28 07:32:47.7575 INFO Signed in User: tella.adesina
2021-06-28 07:32:47.7575 INFO IP Address: ::1
2021-06-28 07:32:47.7575 INFO IP Address: TELLA-PC
2021-06-28 07:32:47.7805 INFO Home Page Loaded: 6/28/2021 7:32:47 AM
2021-06-28 07:32:51.1172 INFO 6/28/2021 7:32:51 AM
2021-06-28 07:33:16.7644 INFO 6/28/2021 7:33:16 AM
2021-06-28 07:33:17.0508 INFO Connection to database to fetch Salary Top-Up Plus Loan Offer Report!
2021-06-28 07:33:18.4404 INFO Reader is not null..
2021-06-28 07:33:18.4404 INFO Reader is equal to true..
2021-06-28 07:33:21.5238 INFO  Salary Top-Up Plus Loan Offer Report data fetched from database successfully
2021-06-28 07:33:21.7718 INFO start date:27-Jun-2021
2021-06-28 07:33:21.7718 INFO end date:28-Jun-2021
2021-06-28 07:33:21.7718 INFO Salary Top-Up Plus Loan Report Loaded Successful
2021-06-28 07:33:28.3346 INFO 6/28/2021 7:33:28 AM
2021-06-28 07:33:28.3346 INFO Connection to database to fetch Salary Top-Up Plus Loan Offer Report!
2021-06-28 07:33:28.9020 INFO Reader is not null..
2021-06-28 07:33:28.9020 INFO Reader is equal to true..
2021-06-28 07:33:31.4355 INFO  Salary Top-Up Plus Loan Offer Report data fetched from database successfully
2021-06-28 07:33:31.6862 INFO start date:27-Jun-2021
2021-06-28 07:33:31.6862 INFO end date:28-Jun-2021
2021-06-28 07:33:31.6862 INFO Salary Top-Up Plus Loan Report Loaded Successful
2021-06-28 07:33:36.9831 INFO 6/28/2021 7:33:36 AM
2021-06-28 07:33:36.9831 INFO Connection to database to fetch Salary Top-Up Plus Loan Offer Report!
2021-06-28 07:33:37.3545 INFO Reader is not null..
2021-06-28 07:33:37.3545 INFO Reader is equal to true..
2021-06-28 07:33:43.3322 INFO  Salary Top-Up Plus Loan Offer Report data fetched from database successfully
2021-06-28 07:33:43.6426 INFO start date:27-Jun-2021
2021-06-28 07:33:43.6426 INFO end date:28-Jun-2021
2021-06-28 07:33:43.6426 INFO Salary Top-Up Plus Loan Report Loaded Successful
2021-06-28 07:33:43.9351 INFO 6/28/2021 7:33:43 AM
2021-06-28 07:33:43.9351 INFO Connection to database to fetch Salary Top-Up Plus Loan Offer Report!
2021-06-28 07:33:44.5925 INFO Reader is not null..
2021-06-28 07:33:44.5925 INFO Reader is equal to true..
2021-06-28 07:33:49.1191 INFO  Salary Top-Up Plus Loan Offer Report data fetched from database successfully
2021-06-28 07:33:49.3805 INFO start date:27-Jun-2021
2021-06-28 07:33:49.3805 INFO end date:28-Jun-2021
2021-06-28 07:33:49.3805 INFO Salary Top-Up Plus Loan Report Loaded Successful
2021-06-28 07:33:49.6049 INFO 6/28/2021 7:33:49 AM
2021-06-28 07:33:49.6049 INFO Connection to database to fetch Salary Top-Up Plus Loan Offer Report!
2021-06-28 07:33:50.0294 INFO Reader is not null..
2021-06-28 07:33:50.0294 INFO Reader is equal to true..
2021-06-28 07:33:54.0759 INFO  Salary Top-Up Plus Loan Offer Report data fetched from database successfully
2021-06-28 07:33:54.2848 INFO start date:27-Jun-2021
2021-06-28 07:33:54.2848 INFO end date:28-Jun-2021
2021-06-28 07:33:54.2848 INFO Salary Top-Up Plus Loan Report Loaded Successful
2021-06-28 07:34:09.9424 INFO 6/28/2021 7:34:09 AM
2021-06-28 07:34:09.9424 INFO Connection to database to fetch Salary Top-Up Plus Loan Offer Report!
2021-06-28 07:34:10.4763 INFO Reader is not null..
2021-06-28 07:34:10.4763 INFO Reader is equal to true..
2021-06-28 07:34:18.4248 INFO  Salary Top-Up Plus Loan Offer Report data fetched from database successfully
2021-06-28 07:34:18.6619 INFO start date:27-Jun-2021
2021-06-28 07:34:18.6619 INFO end date:28-Jun-2021
2021-06-28 07:34:18.6619 INFO Salary Top-Up Plus Loan Report Loaded Successful
2021-06-28 07:34:25.1581 INFO Home Page Loaded: 6/28/2021 7:34:25 AM
2021-06-28 07:46:55.7049 INFO NEW LOGIN
2021-06-28 07:47:01.6626 INFO Signed in User: tella.adesina
2021-06-28 07:47:01.6626 INFO IP Address: ::1
2021-06-28 07:47:01.6626 INFO IP Address: TELLA-PC
2021-06-28 07:47:01.6866 INFO Home Page Loaded: 6/28/2021 7:47:01 AM
2021-06-28 07:47:04.0432 INFO 6/28/2021 7:47:04 AM
2021-06-28 07:47:14.1397 INFO 6/28/2021 7:47:14 AM
2021-06-28 07:47:14.4319 INFO Connection to database to fetch Salary Top-Up Plus Loan Offer Report!
2021-06-28 07:47:14.9154 INFO Reader is not null..
2021-06-28 07:47:14.9154 INFO  Salary Top-Up Plus Loan Offer Report data fetched from database successfully
2021-06-28 07:47:15.1940 INFO start date:28-Jun-2021
2021-06-28 07:47:15.1940 INFO end date:28-Jun-2021
2021-06-28 07:47:15.1940 INFO Salary Top-Up Plus Loan Report Loaded Successful
2021-06-28 08:06:27.4312 INFO 6/28/2021 8:06:27 AM
2021-06-28 08:06:56.9395 INFO Connection to database to fetch Salary Top-Up Plus Loan Offer Report!
2021-06-28 08:38:25.3766 INFO Reader is not null..
2021-06-28 08:38:25.3766 INFO  Salary Top-Up Plus Loan Offer Report data fetched from database successfully
2021-06-28 08:38:25.5471 INFO 6/28/2021 8:38:25 AM
2021-06-28 08:38:28.6591 INFO Connection to database to fetch Salary Top-Up Plus Loan Offer Report!
2021-06-28 08:38:29.1207 INFO Reader is not null..
2021-06-28 08:38:29.1207 INFO  Salary Top-Up Plus Loan Offer Report data fetched from database successfully
2021-06-28 08:38:30.2307 INFO start date:28-Jun-2021
2021-06-28 08:38:30.2307 INFO end date:28-Jun-2021
2021-06-28 08:38:30.2307 INFO Salary Top-Up Plus Loan Report Loaded Successful
2021-06-28 08:38:31.9111 INFO start date:28-Jun-2021
2021-06-28 08:38:31.9111 INFO end date:28-Jun-2021
2021-06-28 08:38:31.9111 INFO Salary Top-Up Plus Loan Report Loaded Successful
2021-06-28 08:38:42.1986 INFO 6/28/2021 8:38:42 AM
2021-06-28 08:38:45.8737 INFO Connection to database to fetch Salary Top-Up Plus Loan Offer Report!
2021-06-28 08:38:47.4342 INFO Reader is not null..
2021-06-28 08:38:47.4342 INFO Reader is equal to true..
2021-06-28 08:39:43.2603 INFO  Salary Top-Up Plus Loan Offer Report data fetched from database successfully
2021-06-28 08:39:44.9892 INFO start date:27-Jun-2021
2021-06-28 08:39:44.9892 INFO end date:28-Jun-2021
2021-06-28 08:39:44.9892 INFO Salary Top-Up Plus Loan Report Loaded Successful
2021-06-28 09:53:07.6311 INFO NEW LOGIN
2021-06-28 09:53:23.5904 INFO Signed in User: tella.adesina
2021-06-28 09:53:23.5904 INFO IP Address: ::1
2021-06-28 09:53:23.5904 INFO IP Address: TELLA-PC
2021-06-28 09:53:23.6224 INFO Home Page Loaded: 6/28/2021 9:53:23 AM
2021-06-28 09:53:26.7869 INFO 6/28/2021 9:53:26 AM
2021-06-28 09:53:40.9413 INFO 6/28/2021 9:53:40 AM
2021-06-28 09:54:07.9682 INFO Connection to database to fetch Salary Top-Up Plus Loan Offer Report!
2021-06-28 09:54:08.6644 INFO Reader is not null..
2021-06-28 09:54:08.6644 INFO  Salary Top-Up Plus Loan Offer Report data fetched from database successfully
2021-06-28 09:54:09.8880 INFO start date:28-Jun-2021
2021-06-28 09:54:09.8880 INFO end date:28-Jun-2021
2021-06-28 09:54:09.8880 INFO Salary Top-Up Plus Loan Report Loaded Successful
2021-06-28 09:59:12.2500 INFO NEW LOGIN
2021-06-28 09:59:32.1346 INFO Signed in User: tella.adesina
2021-06-28 09:59:32.1346 INFO IP Address: ::1
2021-06-28 09:59:32.1346 INFO IP Address: TELLA-PC
2021-06-28 09:59:32.1846 INFO Home Page Loaded: 6/28/2021 9:59:32 AM
2021-06-28 09:59:37.1302 INFO 6/28/2021 9:59:37 AM
2021-06-28 09:59:47.5993 INFO 6/28/2021 9:59:47 AM
2021-06-28 10:00:09.4663 INFO Connection to database to fetch Salary Top-Up Plus Loan Offer Report!
2021-06-28 10:00:10.1153 INFO Reader is not null..
2021-06-28 10:00:10.1153 INFO  Salary Top-Up Plus Loan Offer Report data fetched from database successfully
2021-06-28 10:00:11.3450 INFO start date:28-Jun-2021
2021-06-28 10:00:11.3450 INFO end date:28-Jun-2021
2021-06-28 10:00:11.3450 INFO Salary Top-Up Plus Loan Report Loaded Successful
2021-06-28 10:00:35.2098 INFO 6/28/2021 10:00:35 AM
2021-06-28 12:18:49.9246 INFO Connection to database to fetch Salary Top-Up Plus Loan Offer Report!
2021-06-28 12:18:50.7962 INFO Reader is not null..
2021-06-28 12:18:50.7962 INFO  Salary Top-Up Plus Loan Offer Report data fetched from database successfully
2021-06-28 12:18:54.2948 INFO start date:28-Jun-2021
2021-06-28 12:18:54.2948 INFO end date:28-Jun-2021
2021-06-28 12:18:54.2948 INFO Salary Top-Up Plus Loan Report Loaded Successful
2021-06-28 12:19:10.0194 INFO 6/28/2021 12:19:10 PM
2021-06-28 12:19:11.7455 INFO Connection to database to fetch Salary Top-Up Plus Loan Offer Report!
2021-06-28 12:19:13.7840 INFO Reader is not null..
2021-06-28 12:19:13.7840 INFO Reader is equal to true..
2021-06-28 12:20:24.6880 INFO  Salary Top-Up Plus Loan Offer Report data fetched from database successfully
2021-06-28 12:20:26.1651 INFO start date:27-Jun-2021
2021-06-28 12:20:26.1651 INFO end date:28-Jun-2021
2021-06-28 12:20:26.1651 INFO Salary Top-Up Plus Loan Report Loaded Successful
2021-06-28 12:22:47.3120 INFO 6/28/2021 12:22:47 PM
2021-06-28 12:22:52.4198 INFO Connection to database to fetch Salary Top-Up Plus Loan Offer Report!
2021-06-28 12:22:53.0919 INFO Reader is not null..
2021-06-28 12:22:53.0919 INFO Reader is equal to true..
2021-06-28 12:23:58.0652 INFO  Salary Top-Up Plus Loan Offer Report data fetched from database successfully
2021-06-28 12:24:03.4822 INFO start date:27-Jun-2021
2021-06-28 12:24:03.4822 INFO end date:28-Jun-2021
2021-06-28 12:24:03.4822 INFO Salary Top-Up Plus Loan Report Loaded Successful
