2021-01-13 08:55:53.7463 INFO NEW LOGIN
2021-01-13 09:00:28.7029 INFO NEW LOGIN
2021-01-13 09:00:41.9208 INFO Incorrect login details
2021-01-13 09:02:15.2074 INFO NEW LOGIN
2021-01-13 09:02:28.9381 INFO Incorrect login details
2021-01-13 09:10:10.7191 INFO NEW LOGIN
2021-01-13 09:10:19.1854 INFO Incorrect login details
2021-01-13 09:10:43.8839 INFO NEW LOGIN
2021-01-13 09:15:38.1013 INFO 1/13/2021 9:15:38 AM
2021-01-13 09:16:06.2000 INFO 1/13/2021 9:16:06 AM
2021-01-13 09:16:06.2593 INFO Connection to Simbrella Loan Offer Report was successful!
2021-01-13 09:16:06.5825 INFO  Simbrella Loan Offer Report data fetched from database successfully
2021-01-13 09:16:08.8297 INFO start date:31-Dec-2017
2021-01-13 09:16:08.8297 INFO end date:07-Jan-2021
2021-01-13 09:16:08.8297 INFO  Simbrella Loan Offer Report Loaded Successfully
2021-01-13 09:17:26.9478 INFO 1/13/2021 9:17:26 AM
2021-01-13 09:18:31.2699 INFO 1/13/2021 9:18:31 AM
2021-01-13 09:18:52.9876 INFO 1/13/2021 9:18:52 AM
2021-01-13 09:26:22.5374 INFO 1/13/2021 9:26:22 AM
2021-01-13 09:26:46.3420 INFO 1/13/2021 9:26:46 AM
2021-01-13 09:27:54.2693 INFO 1/13/2021 9:27:54 AM
2021-01-13 09:28:18.5409 INFO 1/13/2021 9:28:18 AM
2021-01-13 09:31:45.5727 INFO 1/13/2021 9:31:45 AM
2021-01-13 09:32:05.6482 INFO 1/13/2021 9:32:05 AM
2021-01-13 09:34:42.1056 INFO 1/13/2021 9:34:42 AM
2021-01-13 09:35:04.0079 INFO 1/13/2021 9:35:04 AM
2021-01-13 09:36:34.9638 INFO 1/13/2021 9:36:34 AM
2021-01-13 09:36:53.2025 INFO 1/13/2021 9:36:53 AM
2021-01-13 09:38:26.7927 INFO 1/13/2021 9:38:26 AM
2021-01-13 09:40:24.4477 INFO NEW LOGIN
2021-01-13 09:40:27.2079 INFO Signed in User: tella.adesina
2021-01-13 09:40:27.2079 INFO IP Address: ::1
2021-01-13 09:40:27.2079 INFO IP Address: TELLA-PC
2021-01-13 09:40:27.2388 INFO Home Page Loaded: 1/13/2021 9:40:27 AM
2021-01-13 09:40:31.7072 INFO 1/13/2021 9:40:31 AM
2021-01-13 09:40:49.1869 INFO 1/13/2021 9:40:49 AM
2021-01-13 09:45:51.1076 INFO 1/13/2021 9:45:51 AM
2021-01-13 09:48:22.6267 INFO 1/13/2021 9:48:22 AM
2021-01-13 09:48:39.6406 INFO 1/13/2021 9:48:39 AM
2021-01-13 09:48:51.1421 INFO Connection to Simbrella Loan Offer Report was successful!
2021-01-13 09:48:51.2947 INFO  Simbrella Loan Offer Report data fetched from database successfully
2021-01-13 09:48:53.5088 INFO start date:27-Dec-2020
2021-01-13 09:48:53.5088 INFO end date:30-Dec-2020
2021-01-13 09:48:53.5088 INFO  Simbrella Loan Offer Report Loaded Successfully
2021-01-13 09:53:42.2103 INFO 1/13/2021 9:53:42 AM
2021-01-13 09:55:05.3310 INFO 1/13/2021 9:55:05 AM
2021-01-13 09:55:25.1220 INFO 1/13/2021 9:55:25 AM
2021-01-13 09:55:26.3153 INFO Connection to Simbrella Loan Offer Report was successful!
2021-01-13 09:55:26.4998 INFO  Simbrella Loan Offer Report data fetched from database successfully
2021-01-13 09:55:29.1284 INFO start date:30-Dec-2018
2021-01-13 09:55:29.1284 INFO end date:30-Dec-2020
2021-01-13 09:55:29.1284 INFO  Simbrella Loan Offer Report Loaded Successfully
2021-01-13 10:05:58.2921 INFO 1/13/2021 10:05:58 AM
2021-01-13 10:06:13.7787 INFO 1/13/2021 10:06:13 AM
2021-01-13 10:06:17.7116 INFO Connection to Simbrella Loan Offer Report was successful!
2021-01-13 10:06:17.8782 INFO  Simbrella Loan Offer Report data fetched from database successfully
2021-01-13 10:06:20.2235 INFO start date:31-Dec-2017
2021-01-13 10:06:20.2235 INFO end date:06-Jan-2021
2021-01-13 10:06:20.2235 INFO  Simbrella Loan Offer Report Loaded Successfully
2021-01-13 10:08:16.5489 INFO 1/13/2021 10:08:16 AM
2021-01-13 10:10:17.6652 INFO 1/13/2021 10:10:17 AM
2021-01-13 10:10:18.6519 INFO Connection to Simbrella Loan Offer Report was successful!
2021-01-13 10:10:18.8523 INFO  Simbrella Loan Offer Report data fetched from database successfully
2021-01-13 10:10:21.2578 INFO start date:27-Dec-2015
2021-01-13 10:10:21.2578 INFO end date:31-Dec-2020
2021-01-13 10:10:21.2578 INFO  Simbrella Loan Offer Report Loaded Successfully
2021-01-13 10:11:19.5621 INFO 1/13/2021 10:11:19 AM
2021-01-13 10:11:20.5293 INFO Connection to Simbrella Loan Offer Report was successful!
2021-01-13 10:11:22.4879 INFO  Simbrella Loan Offer Report data fetched from database successfully
2021-01-13 10:11:22.4889 INFO 1/13/2021 10:11:22 AM
2021-01-13 10:11:24.2650 INFO Connection to Simbrella Loan Offer Report was successful!
2021-01-13 10:11:24.2850 INFO  Simbrella Loan Offer Report data fetched from database successfully
2021-01-13 10:11:24.3129 INFO start date:27-Dec-2015
2021-01-13 10:11:24.3129 INFO end date:31-Dec-2020
2021-01-13 10:11:24.3129 INFO  Simbrella Loan Offer Report Loaded Successfully
2021-01-13 10:11:24.3498 INFO start date:27-Dec-2015
2021-01-13 10:11:24.3498 INFO end date:31-Dec-2020
2021-01-13 10:11:24.3498 INFO  Simbrella Loan Offer Report Loaded Successfully
2021-01-13 10:12:48.6958 INFO NEW LOGIN
2021-01-13 10:12:51.5188 INFO Signed in User: tella.adesina
2021-01-13 10:12:51.5188 INFO IP Address: ::1
2021-01-13 10:12:51.5188 INFO IP Address: TELLA-PC
2021-01-13 10:12:51.5577 INFO Home Page Loaded: 1/13/2021 10:12:51 AM
2021-01-13 10:12:59.0576 INFO 1/13/2021 10:12:59 AM
2021-01-13 10:13:18.3473 INFO 1/13/2021 10:13:18 AM
2021-01-13 10:13:19.5078 INFO Connection to Simbrella Loan Offer Report was successful!
2021-01-13 10:13:19.6723 INFO  Simbrella Loan Offer Report data fetched from database successfully
2021-01-13 10:13:20.0314 INFO start date:31-Dec-2017
2021-01-13 10:13:20.0314 INFO end date:31-Dec-2020
2021-01-13 10:13:20.0314 INFO  Simbrella Loan Offer Report Loaded Successfully
2021-01-13 10:13:29.9203 INFO 1/13/2021 10:13:29 AM
2021-01-13 10:13:30.9922 INFO Connection to Simbrella Loan Offer Report was successful!
2021-01-13 10:13:31.0201 INFO  Simbrella Loan Offer Report data fetched from database successfully
2021-01-13 10:13:31.0610 INFO start date:31-Dec-2017
2021-01-13 10:13:31.0610 INFO end date:31-Dec-2020
2021-01-13 10:13:31.0610 INFO  Simbrella Loan Offer Report Loaded Successfully
2021-01-13 10:18:22.8467 INFO 1/13/2021 10:18:22 AM
2021-01-13 10:18:39.3529 INFO 1/13/2021 10:18:39 AM
2021-01-13 10:18:42.0262 INFO Connection to Simbrella Loan Offer Report was successful!
2021-01-13 10:18:42.1901 INFO  Simbrella Loan Offer Report data fetched from database successfully
2021-01-13 10:18:44.4081 INFO start date:31-Dec-2017
2021-01-13 10:18:44.4081 INFO end date:31-Dec-2020
2021-01-13 10:18:44.4081 INFO  Simbrella Loan Offer Report Loaded Successfully
2021-01-13 10:18:54.5484 INFO 1/13/2021 10:18:54 AM
2021-01-13 10:19:41.8594 INFO Connection to Simbrella Loan Offer Report was successful!
2021-01-13 10:19:49.1429 INFO  Simbrella Loan Offer Report data fetched from database successfully
2021-01-13 10:19:49.2247 INFO start date:31-Dec-2017
2021-01-13 10:19:49.2247 INFO end date:31-Dec-2020
2021-01-13 10:19:49.2247 INFO  Simbrella Loan Offer Report Loaded Successfully
2021-01-13 10:19:59.1614 INFO 1/13/2021 10:19:59 AM
2021-01-13 10:20:00.5850 INFO Connection to Simbrella Loan Offer Report was successful!
2021-01-13 10:20:00.6458 INFO  Simbrella Loan Offer Report data fetched from database successfully
2021-01-13 10:20:00.6847 INFO start date:31-Dec-2017
2021-01-13 10:20:00.6847 INFO end date:31-Dec-2020
2021-01-13 10:20:00.6847 INFO  Simbrella Loan Offer Report Loaded Successfully
2021-01-13 10:20:18.1960 INFO 1/13/2021 10:20:18 AM
2021-01-13 10:20:19.1134 INFO Connection to Simbrella Loan Offer Report was successful!
2021-01-13 10:20:19.1683 INFO  Simbrella Loan Offer Report data fetched from database successfully
2021-01-13 10:20:19.2202 INFO start date:31-Dec-2017
2021-01-13 10:20:19.2202 INFO end date:31-Dec-2020
2021-01-13 10:20:19.2202 INFO  Simbrella Loan Offer Report Loaded Successfully
2021-01-13 10:23:28.7293 INFO NEW LOGIN
2021-01-13 10:23:31.5240 INFO Signed in User: tella.adesina
2021-01-13 10:23:31.5240 INFO IP Address: ::1
2021-01-13 10:23:31.5240 INFO IP Address: TELLA-PC
2021-01-13 10:23:31.5549 INFO Home Page Loaded: 1/13/2021 10:23:31 AM
2021-01-13 10:23:34.0883 INFO 1/13/2021 10:23:34 AM
2021-01-13 10:23:53.0371 INFO 1/13/2021 10:23:53 AM
2021-01-13 10:23:53.0662 INFO Connection to database to fetch Remitta Loan Offer Report!
2021-01-13 10:23:53.1111 INFO Reader is not null..
2021-01-13 10:23:53.1111 INFO Reader is equal to true..
2021-01-13 10:23:53.2816 INFO  Remitta Loan Offer Report data fetched from database successfully
2021-01-13 10:23:53.6726 INFO start date:30-Dec-2018
2021-01-13 10:23:53.6726 INFO end date:30-Dec-2020
2021-01-13 10:23:53.6726 INFO  Remitta Report Loaded Successful
2021-01-13 10:24:34.7000 INFO 1/13/2021 10:24:34 AM
2021-01-13 10:24:34.7000 INFO Connection to database to fetch Remitta Loan Offer Report!
2021-01-13 10:24:34.7209 INFO Reader is not null..
2021-01-13 10:24:34.7209 INFO Reader is equal to true..
2021-01-13 10:24:34.7319 INFO  Remitta Loan Offer Report data fetched from database successfully
2021-01-13 10:24:34.7967 INFO start date:30-Dec-2018
2021-01-13 10:24:34.7967 INFO end date:30-Dec-2020
2021-01-13 10:24:34.7967 INFO  Remitta Report Loaded Successful
2021-01-13 10:47:48.1291 INFO 1/13/2021 10:47:48 AM
2021-01-13 10:48:29.8366 INFO 1/13/2021 10:48:29 AM
2021-01-13 10:48:29.8824 INFO Connection to database to fetch Remitta Loan Offer Report!
2021-01-13 10:48:29.9462 INFO Reader is not null..
2021-01-13 10:48:29.9462 INFO Reader is equal to true..
2021-01-13 10:48:30.0879 INFO  Remitta Loan Offer Report data fetched from database successfully
2021-01-13 10:48:32.3057 INFO start date:31-Dec-2017
2021-01-13 10:48:32.3057 INFO end date:31-Dec-2020
2021-01-13 10:48:32.3057 INFO  Remitta Report Loaded Successful
2021-01-13 10:50:22.2809 INFO 1/13/2021 10:50:22 AM
2021-01-13 10:50:22.2809 INFO Connection to database to fetch Remitta Loan Offer Report!
2021-01-13 10:50:22.3018 INFO Reader is not null..
2021-01-13 10:50:22.3018 INFO Reader is equal to true..
2021-01-13 10:50:22.3018 INFO  Remitta Loan Offer Report data fetched from database successfully
2021-01-13 10:50:22.3567 INFO start date:31-Dec-2017
2021-01-13 10:50:22.3567 INFO end date:31-Dec-2020
2021-01-13 10:50:22.3567 INFO  Remitta Report Loaded Successful
2021-01-13 10:50:28.7469 INFO 1/13/2021 10:50:28 AM
2021-01-13 10:50:28.7469 INFO Connection to database to fetch Remitta Loan Offer Report!
2021-01-13 10:50:28.7669 INFO Reader is not null..
2021-01-13 10:50:28.7669 INFO Reader is equal to true..
2021-01-13 10:50:28.7739 INFO  Remitta Loan Offer Report data fetched from database successfully
2021-01-13 10:50:28.8118 INFO start date:31-Dec-2017
2021-01-13 10:50:28.8118 INFO end date:31-Dec-2020
2021-01-13 10:50:28.8118 INFO  Remitta Report Loaded Successful
2021-01-13 10:54:06.5269 INFO NEW LOGIN
2021-01-13 10:54:09.2636 INFO Signed in User: tella.adesina
2021-01-13 10:54:09.2636 INFO IP Address: ::1
2021-01-13 10:54:09.2636 INFO IP Address: TELLA-PC
2021-01-13 10:54:09.2986 INFO Home Page Loaded: 1/13/2021 10:54:09 AM
2021-01-13 10:54:11.3617 INFO 1/13/2021 10:54:11 AM
2021-01-13 10:54:25.1968 INFO 1/13/2021 10:54:25 AM
2021-01-13 10:54:25.2290 INFO Connection to database to fetch Remitta Loan Offer Report!
2021-01-13 10:54:25.2699 INFO Reader is not null..
2021-01-13 10:54:25.2699 INFO Reader is equal to true..
2021-01-13 10:54:25.4195 INFO  Remitta Loan Offer Report data fetched from database successfully
2021-01-13 10:54:25.7806 INFO start date:31-Dec-2017
2021-01-13 10:54:25.7806 INFO end date:07-Jan-2021
2021-01-13 10:54:25.7806 INFO  Remitta Report Loaded Successful
2021-01-13 10:54:38.5154 INFO 1/13/2021 10:54:38 AM
2021-01-13 10:54:38.5154 INFO Connection to database to fetch Remitta Loan Offer Report!
2021-01-13 10:54:38.5424 INFO Reader is not null..
2021-01-13 10:54:38.5424 INFO Reader is equal to true..
2021-01-13 10:54:38.5592 INFO  Remitta Loan Offer Report data fetched from database successfully
2021-01-13 10:54:38.5931 INFO start date:31-Dec-2017
2021-01-13 10:54:38.5931 INFO end date:07-Jan-2021
2021-01-13 10:54:38.5931 INFO  Remitta Report Loaded Successful
2021-01-13 10:54:42.2190 INFO 1/13/2021 10:54:42 AM
2021-01-13 10:54:42.2190 INFO Connection to database to fetch Remitta Loan Offer Report!
2021-01-13 10:54:42.2390 INFO Reader is not null..
2021-01-13 10:54:42.2390 INFO Reader is equal to true..
2021-01-13 10:54:42.2390 INFO  Remitta Loan Offer Report data fetched from database successfully
2021-01-13 10:54:42.2848 INFO start date:31-Dec-2017
2021-01-13 10:54:42.2848 INFO end date:07-Jan-2021
2021-01-13 10:54:42.2848 INFO  Remitta Report Loaded Successful
2021-01-13 10:54:56.5470 INFO 1/13/2021 10:54:56 AM
2021-01-13 10:54:56.5470 INFO Connection to database to fetch Remitta Loan Offer Report!
2021-01-13 10:54:56.5707 INFO Reader is not null..
2021-01-13 10:54:56.5707 INFO Reader is equal to true..
2021-01-13 10:54:56.5707 INFO  Remitta Loan Offer Report data fetched from database successfully
2021-01-13 10:54:56.6176 INFO start date:31-Dec-2017
2021-01-13 10:54:56.6176 INFO end date:07-Jan-2021
2021-01-13 10:54:56.6176 INFO  Remitta Report Loaded Successful
2021-01-13 10:55:00.1549 INFO 1/13/2021 10:55:00 AM
2021-01-13 10:55:00.1549 INFO Connection to database to fetch Remitta Loan Offer Report!
2021-01-13 10:55:00.1749 INFO Reader is not null..
2021-01-13 10:55:00.1749 INFO Reader is equal to true..
2021-01-13 10:55:00.1898 INFO  Remitta Loan Offer Report data fetched from database successfully
2021-01-13 10:55:00.2247 INFO start date:31-Dec-2017
2021-01-13 10:55:00.2247 INFO end date:07-Jan-2021
2021-01-13 10:55:00.2247 INFO  Remitta Report Loaded Successful
2021-01-13 10:55:03.4504 INFO 1/13/2021 10:55:03 AM
2021-01-13 10:55:03.4504 INFO Connection to database to fetch Remitta Loan Offer Report!
2021-01-13 10:55:03.4725 INFO Reader is not null..
2021-01-13 10:55:03.4725 INFO Reader is equal to true..
2021-01-13 10:55:03.4845 INFO  Remitta Loan Offer Report data fetched from database successfully
2021-01-13 10:55:03.5168 INFO start date:31-Dec-2017
2021-01-13 10:55:03.5168 INFO end date:07-Jan-2021
2021-01-13 10:55:03.5168 INFO  Remitta Report Loaded Successful
2021-01-13 11:05:15.8934 INFO 1/13/2021 11:05:15 AM
2021-01-13 11:05:37.5789 INFO 1/13/2021 11:05:37 AM
2021-01-13 11:05:37.6388 INFO Connection to database to fetch Remitta Loan Offer Report!
2021-01-13 11:05:37.6896 INFO Reader is not null..
2021-01-13 11:05:37.6896 INFO Reader is equal to true..
2021-01-13 11:05:37.8502 INFO  Remitta Loan Offer Report data fetched from database successfully
2021-01-13 11:05:40.2490 INFO start date:25-Dec-2016
2021-01-13 11:05:40.2490 INFO end date:07-Jan-2021
2021-01-13 11:05:40.2490 INFO  Remitta Report Loaded Successful
2021-01-13 11:05:54.7993 INFO 1/13/2021 11:05:54 AM
2021-01-13 11:05:54.7993 INFO Connection to database to fetch Remitta Loan Offer Report!
2021-01-13 11:05:54.8203 INFO Reader is not null..
2021-01-13 11:05:54.8203 INFO Reader is equal to true..
2021-01-13 11:05:54.8372 INFO  Remitta Loan Offer Report data fetched from database successfully
2021-01-13 11:05:54.9001 INFO start date:25-Dec-2016
2021-01-13 11:05:54.9001 INFO end date:07-Jan-2021
2021-01-13 11:05:54.9001 INFO  Remitta Report Loaded Successful
2021-01-13 11:06:12.4124 INFO 1/13/2021 11:06:12 AM
2021-01-13 11:06:12.4124 INFO Connection to database to fetch Remitta Loan Offer Report!
2021-01-13 11:06:12.4372 INFO Reader is not null..
2021-01-13 11:06:12.4372 INFO Reader is equal to true..
2021-01-13 11:06:12.4562 INFO  Remitta Loan Offer Report data fetched from database successfully
2021-01-13 11:06:12.5061 INFO start date:25-Dec-2016
2021-01-13 11:06:12.5061 INFO end date:07-Jan-2021
2021-01-13 11:06:12.5061 INFO  Remitta Report Loaded Successful
2021-01-13 11:06:49.1213 INFO 1/13/2021 11:06:49 AM
2021-01-13 11:06:49.1213 INFO Connection to database to fetch Remitta Loan Offer Report!
2021-01-13 11:06:49.1421 INFO Reader is not null..
2021-01-13 11:06:49.1421 INFO Reader is equal to true..
2021-01-13 11:06:49.1559 INFO  Remitta Loan Offer Report data fetched from database successfully
2021-01-13 11:06:49.1909 INFO start date:25-Dec-2016
2021-01-13 11:06:49.1909 INFO end date:07-Jan-2021
2021-01-13 11:06:49.1909 INFO  Remitta Report Loaded Successful
2021-01-13 11:39:28.3708 INFO 1/13/2021 11:39:28 AM
2021-01-13 11:39:28.3987 INFO Connection to database to fetch Remitta Loan Offer Report!
2021-01-13 11:39:28.4196 INFO Reader is not null..
2021-01-13 11:39:28.4196 INFO Reader is equal to true..
2021-01-13 11:39:28.4565 INFO  Remitta Loan Offer Report data fetched from database successfully
2021-01-13 11:39:28.5114 INFO start date:25-Dec-2016
2021-01-13 11:39:28.5114 INFO end date:07-Jan-2021
2021-01-13 11:39:28.5114 INFO  Remitta Report Loaded Successful
2021-01-13 11:39:48.1539 INFO 1/13/2021 11:39:48 AM
2021-01-13 11:39:48.1539 INFO Connection to database to fetch Remitta Loan Offer Report!
2021-01-13 11:39:48.1788 INFO Reader is not null..
2021-01-13 11:39:48.1788 INFO Reader is equal to true..
2021-01-13 11:39:48.1788 INFO  Remitta Loan Offer Report data fetched from database successfully
2021-01-13 11:39:48.2177 INFO start date:31-Dec-2017
2021-01-13 11:39:48.2177 INFO end date:29-Dec-2020
2021-01-13 11:39:48.2177 INFO  Remitta Report Loaded Successful
2021-01-13 11:40:18.5474 INFO 1/13/2021 11:40:18 AM
2021-01-13 11:40:18.5474 INFO Connection to database to fetch Remitta Loan Offer Report!
2021-01-13 11:40:18.5723 INFO Reader is not null..
2021-01-13 11:40:18.5723 INFO Reader is equal to true..
2021-01-13 11:40:18.5853 INFO  Remitta Loan Offer Report data fetched from database successfully
2021-01-13 11:40:18.6361 INFO start date:31-Dec-2017
2021-01-13 11:40:18.6361 INFO end date:30-Dec-2020
2021-01-13 11:40:18.6361 INFO  Remitta Report Loaded Successful
2021-01-13 12:17:10.1421 INFO 1/13/2021 12:17:10 PM
2021-01-13 12:17:10.1760 INFO Connection to database to fetch Remitta Loan Offer Report!
2021-01-13 12:17:10.2010 INFO Reader is not null..
2021-01-13 12:17:10.2010 INFO Reader is equal to true..
2021-01-13 12:17:10.2279 INFO  Remitta Loan Offer Report data fetched from database successfully
2021-01-13 12:17:10.2927 INFO start date:31-Dec-2017
2021-01-13 12:17:10.2927 INFO end date:30-Dec-2020
2021-01-13 12:17:10.2927 INFO  Remitta Report Loaded Successful
2021-01-13 12:17:35.0639 INFO 1/13/2021 12:17:35 PM
2021-01-13 12:17:35.0639 INFO Connection to database to fetch Remitta Loan Offer Report!
2021-01-13 12:17:35.0858 INFO Reader is not null..
2021-01-13 12:17:35.0858 INFO Reader is equal to true..
2021-01-13 12:17:35.0858 INFO  Remitta Loan Offer Report data fetched from database successfully
2021-01-13 12:17:35.1347 INFO start date:31-Dec-2017
2021-01-13 12:17:35.1347 INFO end date:30-Dec-2020
2021-01-13 12:17:35.1347 INFO  Remitta Report Loaded Successful
2021-01-13 15:31:51.7663 INFO 1/13/2021 3:31:51 PM
2021-01-13 15:32:29.5742 INFO 1/13/2021 3:32:29 PM
2021-01-13 15:32:29.6220 INFO Connection to database to fetch Remitta Loan Offer Report!
2021-01-13 15:32:29.6759 INFO Reader is not null..
2021-01-13 15:32:29.6759 INFO Reader is equal to true..
2021-01-13 15:32:29.8185 INFO  Remitta Loan Offer Report data fetched from database successfully
2021-01-13 15:32:32.0201 INFO start date:31-Dec-2017
2021-01-13 15:32:32.0201 INFO end date:09-Jan-2021
2021-01-13 15:32:32.0201 INFO  Remitta Report Loaded Successful
2021-01-13 15:32:35.2348 ERROR Microsoft.CSharp.RuntimeBinder.RuntimeBinderException: Cannot perform runtime binding on a null reference
   at CallSite.Target(Closure , CallSite , Object , String )
   at System.Dynamic.UpdateDelegates.UpdateAndExecute2[T0,T1,TRet](CallSite site, T0 arg0, T1 arg1)
   at CallSite.Target(Closure , CallSite , Object , String )
   at System.Dynamic.UpdateDelegates.UpdateAndExecuteVoid2[T0,T1](CallSite site, T0 arg0, T1 arg1)
   at LoanOFFER.Web.Controllers.RemittaController.ExportToPdf(Nullable`1 page, String RequestTime, String LogTime) in C:\Users\DELL\source\repos\329 Loan Offer Screen Log\LoanOFFER.Web\Controllers\RemittaController.cs:line 204
2021-01-13 15:33:07.4943 INFO Connection to database to fetch Remitta Loan Offer Report!
2021-01-13 15:33:07.5202 INFO Reader is not null..
2021-01-13 15:33:07.5202 INFO Reader is equal to true..
2021-01-13 15:33:07.5362 INFO  Remitta Loan Offer Report data fetched from database successfully
2021-01-13 15:33:08.0298 INFO Remitta Report exported successfully
2021-01-13 15:52:34.2149 INFO 1/13/2021 3:52:34 PM
2021-01-13 15:52:58.5475 INFO 1/13/2021 3:52:58 PM
2021-01-13 15:52:58.6133 INFO Connection to database to fetch Remitta Loan Offer Report!
2021-01-13 15:52:58.6632 INFO Reader is not null..
2021-01-13 15:52:58.6632 INFO Reader is equal to true..
2021-01-13 15:52:58.8397 INFO  Remitta Loan Offer Report data fetched from database successfully
2021-01-13 15:53:01.2000 INFO start date:31-Dec-2017
2021-01-13 15:53:01.2000 INFO end date:11-Jan-2021
2021-01-13 15:53:01.2000 INFO  Remitta Report Loaded Successful
2021-01-13 15:53:07.1449 ERROR Microsoft.CSharp.RuntimeBinder.RuntimeBinderException: Cannot perform runtime binding on a null reference
   at CallSite.Target(Closure , CallSite , Object , String )
   at System.Dynamic.UpdateDelegates.UpdateAndExecute2[T0,T1,TRet](CallSite site, T0 arg0, T1 arg1)
   at CallSite.Target(Closure , CallSite , Object , String )
   at System.Dynamic.UpdateDelegates.UpdateAndExecuteVoid2[T0,T1](CallSite site, T0 arg0, T1 arg1)
   at LoanOFFER.Web.Controllers.RemittaController.ExportToPdf(Nullable`1 page, String RequestTime, String LogTime) in C:\Users\DELL\source\repos\329 Loan Offer Screen Log\LoanOFFER.Web\Controllers\RemittaController.cs:line 204
2021-01-13 15:57:04.8740 ERROR Microsoft.CSharp.RuntimeBinder.RuntimeBinderException: Cannot perform runtime binding on a null reference
   at CallSite.Target(Closure , CallSite , Object , String )
   at CallSite.Target(Closure , CallSite , Object , String )
   at LoanOFFER.Web.Controllers.RemittaController.ExportToPdf(Nullable`1 page, String RequestTime, String LogTime) in C:\Users\DELL\source\repos\329 Loan Offer Screen Log\LoanOFFER.Web\Controllers\RemittaController.cs:line 204
2021-01-13 16:27:58.3096 INFO 1/13/2021 4:27:58 PM
2021-01-13 16:28:19.9656 INFO 1/13/2021 4:28:19 PM
2021-01-13 16:28:20.0175 INFO Connection to database to fetch Remitta Loan Offer Report!
2021-01-13 16:28:20.1092 INFO Reader is not null..
2021-01-13 16:28:20.1092 INFO Reader is equal to true..
2021-01-13 16:28:20.2758 INFO  Remitta Loan Offer Report data fetched from database successfully
2021-01-13 16:28:22.6804 INFO start date:31-Dec-2017
2021-01-13 16:28:22.6804 INFO end date:12-Jan-2021
2021-01-13 16:28:22.6804 INFO  Remitta Report Loaded Successful
2021-01-13 16:28:25.5666 ERROR Microsoft.CSharp.RuntimeBinder.RuntimeBinderException: Cannot perform runtime binding on a null reference
   at CallSite.Target(Closure , CallSite , Object , String )
   at System.Dynamic.UpdateDelegates.UpdateAndExecute2[T0,T1,TRet](CallSite site, T0 arg0, T1 arg1)
   at CallSite.Target(Closure , CallSite , Object , String )
   at System.Dynamic.UpdateDelegates.UpdateAndExecuteVoid2[T0,T1](CallSite site, T0 arg0, T1 arg1)
   at LoanOFFER.Web.Controllers.RemittaController.ExportToPdf(Nullable`1 page, String RequestTime, String LogTime) in C:\Users\DELL\source\repos\329 Loan Offer Screen Log\LoanOFFER.Web\Controllers\RemittaController.cs:line 204
2021-01-13 18:40:23.8519 INFO 1/13/2021 6:40:23 PM
2021-01-13 18:40:50.7629 INFO 1/13/2021 6:40:50 PM
2021-01-13 18:40:50.8197 INFO Connection to database to fetch Remitta Loan Offer Report!
2021-01-13 18:40:50.8726 INFO Reader is not null..
2021-01-13 18:40:50.8726 INFO Reader is equal to true..
2021-01-13 18:40:51.0312 INFO  Remitta Loan Offer Report data fetched from database successfully
2021-01-13 18:40:53.3620 INFO start date:27-Dec-2015
2021-01-13 18:40:53.3620 INFO end date:07-Jan-2021
2021-01-13 18:40:53.3620 INFO  Remitta Report Loaded Successful
2021-01-13 18:41:47.7176 ERROR Microsoft.CSharp.RuntimeBinder.RuntimeBinderException: Cannot perform runtime binding on a null reference
   at CallSite.Target(Closure , CallSite , Object , String )
   at System.Dynamic.UpdateDelegates.UpdateAndExecute2[T0,T1,TRet](CallSite site, T0 arg0, T1 arg1)
   at CallSite.Target(Closure , CallSite , Object , String )
   at System.Dynamic.UpdateDelegates.UpdateAndExecuteVoid2[T0,T1](CallSite site, T0 arg0, T1 arg1)
   at LoanOFFER.Web.Controllers.RemittaController.ExportToPdf(Nullable`1 page, String RequestTime, String LogTime) in C:\Users\DELL\source\repos\329 Loan Offer Screen Log\LoanOFFER.Web\Controllers\RemittaController.cs:line 204
2021-01-13 18:42:07.9279 INFO Home Page Loaded: 1/13/2021 6:42:07 PM
2021-01-13 18:42:21.6523 INFO 1/13/2021 6:42:21 PM
2021-01-13 18:43:02.3611 INFO 1/13/2021 6:43:02 PM
2021-01-13 18:43:02.4339 INFO Connection to database to fetch Salary Top-Up Plus Loan Offer Report!
2021-01-13 18:43:03.7657 INFO Reader is not null..
2021-01-13 18:43:03.7657 INFO Reader is equal to true..
2021-01-13 18:43:03.7942 INFO  Salary Top-Up Plus Loan Offer Report data fetched from database successfully
2021-01-13 18:43:03.8913 INFO start date:31-Dec-2017
2021-01-13 18:43:03.8913 INFO end date:09-Jan-2021
2021-01-13 18:43:03.8913 INFO Salary Top-Up Plus Loan Report Loaded Successful
2021-01-13 19:44:00.6059 INFO 1/13/2021 7:44:00 PM
2021-01-13 19:44:00.7146 INFO Connection to database to fetch Salary Top-Up Plus Loan Offer Report!
2021-01-13 19:44:02.6938 INFO Reader is not null..
2021-01-13 19:44:02.6938 INFO Reader is equal to true..
2021-01-13 19:44:02.7357 INFO  Salary Top-Up Plus Loan Offer Report data fetched from database successfully
2021-01-13 19:44:02.8015 INFO start date:31-Dec-2017
2021-01-13 19:44:02.8015 INFO end date:09-Jan-2021
2021-01-13 19:44:02.8015 INFO Salary Top-Up Plus Loan Report Loaded Successful
2021-01-13 19:44:15.5826 INFO 1/13/2021 7:44:15 PM
2021-01-13 19:44:15.5826 INFO Connection to database to fetch Salary Top-Up Plus Loan Offer Report!
2021-01-13 19:44:16.3112 INFO Reader is not null..
2021-01-13 19:44:16.3112 INFO Reader is equal to true..
2021-01-13 19:44:16.3182 INFO  Salary Top-Up Plus Loan Offer Report data fetched from database successfully
2021-01-13 19:44:16.3561 INFO start date:31-Dec-2017
2021-01-13 19:44:16.3561 INFO end date:09-Jan-2021
2021-01-13 19:44:16.3561 INFO Salary Top-Up Plus Loan Report Loaded Successful
2021-01-13 19:44:37.8518 INFO 1/13/2021 7:44:37 PM
2021-01-13 19:44:37.8518 INFO Connection to database to fetch Salary Top-Up Plus Loan Offer Report!
2021-01-13 19:44:38.8585 INFO Reader is not null..
2021-01-13 19:44:38.8585 INFO Reader is equal to true..
2021-01-13 19:44:38.8785 INFO  Salary Top-Up Plus Loan Offer Report data fetched from database successfully
2021-01-13 19:44:38.9107 INFO start date:31-Dec-2017
2021-01-13 19:44:38.9107 INFO end date:09-Jan-2021
2021-01-13 19:44:38.9107 INFO Salary Top-Up Plus Loan Report Loaded Successful
2021-01-13 19:44:43.3553 INFO Home Page Loaded: 1/13/2021 7:44:43 PM
2021-01-13 19:44:47.8981 INFO 1/13/2021 7:44:47 PM
2021-01-13 19:45:05.0097 INFO 1/13/2021 7:45:05 PM
2021-01-13 19:45:05.0347 INFO Connection to database to fetch Remitta Loan Offer Report!
2021-01-13 19:45:05.0726 INFO Reader is not null..
2021-01-13 19:45:05.0726 INFO Reader is equal to true..
2021-01-13 19:45:05.1154 INFO  Remitta Loan Offer Report data fetched from database successfully
2021-01-13 19:45:05.1474 INFO start date:25-Dec-2016
2021-01-13 19:45:05.1474 INFO end date:08-Jan-2021
2021-01-13 19:45:05.1474 INFO  Remitta Report Loaded Successful
2021-01-13 19:54:53.0291 INFO 1/13/2021 7:54:53 PM
2021-01-13 19:55:20.4459 INFO 1/13/2021 7:55:20 PM
2021-01-13 19:55:22.2236 INFO Connection to Simbrella Loan Offer Report was successful!
2021-01-13 19:55:22.4754 INFO  Simbrella Loan Offer Report data fetched from database successfully
2021-01-13 19:55:25.2821 INFO start date:25-Dec-2016
2021-01-13 19:55:25.2821 INFO end date:11-Jan-2021
2021-01-13 19:55:25.2821 INFO  Simbrella Loan Offer Report Loaded Successfully
2021-01-13 19:56:48.9298 INFO 1/13/2021 7:56:48 PM
2021-01-13 19:56:50.9339 INFO Connection to Simbrella Loan Offer Report was successful!
2021-01-13 19:56:51.0112 INFO  Simbrella Loan Offer Report data fetched from database successfully
2021-01-13 19:56:51.0531 INFO start date:25-Dec-2016
2021-01-13 19:56:51.0531 INFO end date:11-Jan-2021
2021-01-13 19:56:51.0531 INFO  Simbrella Loan Offer Report Loaded Successfully
2021-01-13 19:57:05.2270 INFO 1/13/2021 7:57:05 PM
2021-01-13 19:57:06.2493 INFO Connection to Simbrella Loan Offer Report was successful!
2021-01-13 19:57:06.3036 INFO  Simbrella Loan Offer Report data fetched from database successfully
2021-01-13 19:57:06.3365 INFO start date:25-Dec-2016
2021-01-13 19:57:06.3365 INFO end date:11-Jan-2021
2021-01-13 19:57:06.3365 INFO  Simbrella Loan Offer Report Loaded Successfully
2021-01-13 19:57:20.7003 INFO 1/13/2021 7:57:20 PM
2021-01-13 19:57:21.8691 INFO Connection to Simbrella Loan Offer Report was successful!
2021-01-13 19:57:21.9231 INFO  Simbrella Loan Offer Report data fetched from database successfully
2021-01-13 19:57:21.9540 INFO start date:25-Dec-2016
2021-01-13 19:57:21.9540 INFO end date:11-Jan-2021
2021-01-13 19:57:21.9540 INFO  Simbrella Loan Offer Report Loaded Successfully
