2021-06-04 05:35:02.2613 INFO NEW LOGIN
2021-06-04 05:35:06.6441 INFO Signed in User: tella.adesina
2021-06-04 05:35:06.6441 INFO IP Address: ::1
2021-06-04 05:35:06.6441 INFO IP Address: TELLA-PC
2021-06-04 05:35:06.6810 INFO Home Page Loaded: 6/4/2021 5:35:06 AM
2021-06-04 05:36:43.3561 INFO 6/4/2021 5:36:43 AM
2021-06-04 05:36:58.3242 INFO 6/4/2021 5:36:58 AM
2021-06-04 05:36:58.3569 INFO Connection to database to fetch Salary Top-Up Plus Loan Offer Report!
2021-06-04 05:36:59.9515 INFO Reader is not null..
2021-06-04 05:36:59.9515 INFO Reader is equal to true..
2021-06-04 05:43:52.0073 INFO Home Page Loaded: 6/4/2021 5:43:52 AM
2021-06-04 05:43:59.5883 INFO 6/4/2021 5:43:59 AM
2021-06-04 05:44:16.2772 INFO 6/4/2021 5:44:16 AM
2021-06-04 05:44:18.9141 INFO Connection to Simbrella Loan Offer Report was successful!
2021-06-04 05:44:18.9871 ERROR System.Data.SqlClient.SqlException (0x80131904): Invalid object name 'vx_FastCashEligibiltyInfo'.
   at System.Data.SqlClient.SqlConnection.OnError(SqlException exception, Boolean breakConnection, Action`1 wrapCloseInAction)
   at System.Data.SqlClient.SqlInternalConnection.OnError(SqlException exception, Boolean breakConnection, Action`1 wrapCloseInAction)
   at System.Data.SqlClient.TdsParser.ThrowExceptionAndWarning(TdsParserStateObject stateObj, Boolean callerHasConnectionLock, Boolean asyncClose)
   at System.Data.SqlClient.TdsParser.TryRun(RunBehavior runBehavior, SqlCommand cmdHandler, SqlDataReader dataStream, BulkCopySimpleResultSet bulkCopyHandler, TdsParserStateObject stateObj, Boolean& dataReady)
   at System.Data.SqlClient.SqlDataReader.TryConsumeMetaData()
   at System.Data.SqlClient.SqlDataReader.get_MetaData()
   at System.Data.SqlClient.SqlCommand.FinishExecuteReader(SqlDataReader ds, RunBehavior runBehavior, String resetOptionsString, Boolean isInternal, Boolean forDescribeParameterEncryption, Boolean shouldCacheForAlwaysEncrypted)
   at System.Data.SqlClient.SqlCommand.RunExecuteReaderTds(CommandBehavior cmdBehavior, RunBehavior runBehavior, Boolean returnStream, Boolean async, Int32 timeout, Task& task, Boolean asyncWrite, Boolean inRetry, SqlDataReader ds, Boolean describeParameterEncryptionRequest)
   at System.Data.SqlClient.SqlCommand.RunExecuteReader(CommandBehavior cmdBehavior, RunBehavior runBehavior, Boolean returnStream, String method, TaskCompletionSource`1 completion, Int32 timeout, Task& task, Boolean& usedCache, Boolean asyncWrite, Boolean inRetry)
   at System.Data.SqlClient.SqlCommand.RunExecuteReader(CommandBehavior cmdBehavior, RunBehavior runBehavior, Boolean returnStream, String method)
   at System.Data.SqlClient.SqlCommand.ExecuteReader(CommandBehavior behavior, String method)
   at System.Data.SqlClient.SqlCommand.ExecuteReader()
   at LoanOFFER.Data.DAL.LoanOfferDb.GetSimbrellaLoanDb(String RequestTime, String LogDate, String CustId) in C:\Users\DELL\source\repos\329LoanOfferScreenLog\LoanOFFER.Data\DAL\LoanOfferDb.cs:line 143
ClientConnectionId:c948c011-6489-41f5-8de3-b5d3c0f4f450
Error Number:208,State:1,Class:16
