2021-05-20 10:53:25.6444 INFO NEW LOGIN
2021-05-20 10:53:41.8148 INFO NEW LOGIN
2021-05-20 10:54:53.8501 INFO System.Data.SqlClient.SqlException (0x80131904): Database 'LoanOfferDB' already exists. Choose a different database name.
   at System.Data.SqlClient.SqlConnection.OnError(SqlException exception, Boolean breakConnection, Action`1 wrapCloseInAction)
   at System.Data.SqlClient.SqlInternalConnection.OnError(SqlException exception, Boolean breakConnection, Action`1 wrapCloseInAction)
   at System.Data.SqlClient.TdsParser.ThrowExceptionAndWarning(TdsParserStateObject stateObj, Boolean callerHasConnectionLock, Boolean asyncClose)
   at System.Data.SqlClient.TdsParser.TryRun(RunBehavior runBehavior, SqlCommand cmdHandler, SqlDataReader dataStream, BulkCopySimpleResultSet bulkCopyHandler, TdsParserStateObject stateObj, Boolean& dataReady)
   at System.Data.SqlClient.SqlCommand.RunExecuteNonQueryTds(String methodName, Boolean async, Int32 timeout, Boolean asyncWrite)
   at System.Data.SqlClient.SqlCommand.InternalExecuteNonQuery(TaskCompletionSource`1 completion, String methodName, Boolean sendToPipe, Int32 timeout, Boolean& usedCache, Boolean asyncWrite, Boolean inRetry)
   at System.Data.SqlClient.SqlCommand.ExecuteNonQuery()
   at System.Data.Entity.Infrastructure.Interception.DbCommandDispatcher.<NonQuery>b__0(DbCommand t, DbCommandInterceptionContext`1 c)
   at System.Data.Entity.Infrastructure.Interception.InternalDispatcher`1.Dispatch[TTarget,TInterceptionContext,TResult](TTarget target, Func`3 operation, TInterceptionContext interceptionContext, Action`3 executing, Action`3 executed)
   at System.Data.Entity.Infrastructure.Interception.DbCommandDispatcher.NonQuery(DbCommand command, DbCommandInterceptionContext interceptionContext)
   at System.Data.Entity.SqlServer.SqlProviderServices.<>c__DisplayClass1a.<CreateDatabaseFromScript>b__19(DbConnection conn)
   at System.Data.Entity.SqlServer.SqlProviderServices.<>c__DisplayClass33.<UsingConnection>b__32()
   at System.Data.Entity.SqlServer.DefaultSqlExecutionStrategy.<>c__DisplayClass1.<Execute>b__0()
   at System.Data.Entity.SqlServer.DefaultSqlExecutionStrategy.Execute[TResult](Func`1 operation)
   at System.Data.Entity.SqlServer.DefaultSqlExecutionStrategy.Execute(Action operation)
   at System.Data.Entity.SqlServer.SqlProviderServices.UsingConnection(DbConnection sqlConnection, Action`1 act)
   at System.Data.Entity.SqlServer.SqlProviderServices.UsingMasterConnection(DbConnection sqlConnection, Action`1 act)
   at System.Data.Entity.SqlServer.SqlProviderServices.CreateDatabaseFromScript(Nullable`1 commandTimeout, DbConnection sqlConnection, String createDatabaseScript)
   at System.Data.Entity.SqlServer.SqlProviderServices.DbCreateDatabase(DbConnection connection, Nullable`1 commandTimeout, StoreItemCollection storeItemCollection)
   at System.Data.Entity.Core.Common.DbProviderServices.CreateDatabase(DbConnection connection, Nullable`1 commandTimeout, StoreItemCollection storeItemCollection)
   at System.Data.Entity.Core.Objects.ObjectContext.CreateDatabase()
   at System.Data.Entity.Migrations.Utilities.DatabaseCreator.Create(DbConnection connection)
   at System.Data.Entity.Migrations.DbMigrator.EnsureDatabaseExists(Action mustSucceedToKeepDatabase)
   at System.Data.Entity.Migrations.DbMigrator.Update(String targetMigration)
   at System.Data.Entity.Internal.DatabaseCreator.CreateDatabase(InternalContext internalContext, Func`3 createMigrator, ObjectContext objectContext)
   at System.Data.Entity.Internal.InternalContext.CreateDatabase(ObjectContext objectContext, DatabaseExistenceState existenceState)
   at System.Data.Entity.Database.Create(DatabaseExistenceState existenceState)
   at System.Data.Entity.CreateDatabaseIfNotExists`1.InitializeDatabase(TContext context)
   at System.Data.Entity.Internal.InternalContext.<>c__DisplayClassf`1.<CreateInitializationAction>b__e()
   at System.Data.Entity.Internal.InternalContext.PerformInitializationAction(Action action)
   at System.Data.Entity.Internal.InternalContext.PerformDatabaseInitialization()
   at System.Data.Entity.Internal.LazyInternalContext.<InitializeDatabase>b__4(InternalContext c)
   at System.Data.Entity.Internal.RetryAction`1.PerformAction(TInput input)
   at System.Data.Entity.Internal.LazyInternalContext.InitializeDatabaseAction(Action`1 action)
   at System.Data.Entity.Internal.LazyInternalContext.InitializeDatabase()
   at System.Data.Entity.Internal.InternalContext.GetEntitySetAndBaseTypeForType(Type entityType)
   at System.Data.Entity.Internal.Linq.InternalSet`1.Initialize()
   at System.Data.Entity.Internal.Linq.InternalSet`1.get_InternalContext()
   at System.Data.Entity.Infrastructure.DbQuery`1.System.Linq.IQueryable.get_Provider()
   at System.Linq.Queryable.Any[TSource](IQueryable`1 source)
   at LoanOFFER.Web.Models.LoginUserDB.ValidLogin(String UserId, String password, String machineName) in C:\Users\DELL\Source\Repos\329LoanOfferScreenLog\LoanOFFER.Web\Models\LoginUserDB.cs:line 40
ClientConnectionId:5a9dc517-26e1-4954-aabe-5a750f4250fa
Error Number:1801,State:3,Class:16
2021-05-20 10:54:53.8501 INFO Incorrect login details
2021-05-20 10:54:54.1181 INFO System.Data.DataException: An exception occurred while initializing the database. See the InnerException for details. ---> System.Data.Entity.Core.EntityException: The underlying provider failed on Open. ---> System.Data.SqlClient.SqlException: A network-related or instance-specific error occurred while establishing a connection to SQL Server. The server was not found or was not accessible. Verify that the instance name is correct and that SQL Server is configured to allow remote connections. (provider: Named Pipes Provider, error: 40 - Could not open a connection to SQL Server) ---> System.ComponentModel.Win32Exception: The network path was not found
   --- End of inner exception stack trace ---
   at System.Data.ProviderBase.DbConnectionPool.TryGetConnection(DbConnection owningObject, UInt32 waitForMultipleObjectsTimeout, Boolean allowCreate, Boolean onlyOneCheckConnection, DbConnectionOptions userOptions, DbConnectionInternal& connection)
   at System.Data.ProviderBase.DbConnectionPool.TryGetConnection(DbConnection owningObject, TaskCompletionSource`1 retry, DbConnectionOptions userOptions, DbConnectionInternal& connection)
   at System.Data.ProviderBase.DbConnectionFactory.TryGetConnection(DbConnection owningConnection, TaskCompletionSource`1 retry, DbConnectionOptions userOptions, DbConnectionInternal oldConnection, DbConnectionInternal& connection)
   at System.Data.ProviderBase.DbConnectionInternal.TryOpenConnectionInternal(DbConnection outerConnection, DbConnectionFactory connectionFactory, TaskCompletionSource`1 retry, DbConnectionOptions userOptions)
   at System.Data.ProviderBase.DbConnectionClosed.TryOpenConnection(DbConnection outerConnection, DbConnectionFactory connectionFactory, TaskCompletionSource`1 retry, DbConnectionOptions userOptions)
   at System.Data.SqlClient.SqlConnection.TryOpenInner(TaskCompletionSource`1 retry)
   at System.Data.SqlClient.SqlConnection.TryOpen(TaskCompletionSource`1 retry)
   at System.Data.SqlClient.SqlConnection.Open()
   at System.Data.Entity.Infrastructure.Interception.DbConnectionDispatcher.<Open>b__36(DbConnection t, DbConnectionInterceptionContext c)
   at System.Data.Entity.Infrastructure.Interception.InternalDispatcher`1.Dispatch[TTarget,TInterceptionContext](TTarget target, Action`2 operation, TInterceptionContext interceptionContext, Action`3 executing, Action`3 executed)
   at System.Data.Entity.Infrastructure.Interception.DbConnectionDispatcher.Open(DbConnection connection, DbInterceptionContext interceptionContext)
   at System.Data.Entity.Core.EntityClient.EntityConnection.<Open>b__2()
   at System.Data.Entity.SqlServer.DefaultSqlExecutionStrategy.<>c__DisplayClass1.<Execute>b__0()
   at System.Data.Entity.SqlServer.DefaultSqlExecutionStrategy.Execute[TResult](Func`1 operation)
   at System.Data.Entity.SqlServer.DefaultSqlExecutionStrategy.Execute(Action operation)
   at System.Data.Entity.Core.EntityClient.EntityConnection.Open()
   --- End of inner exception stack trace ---
   at System.Data.Entity.Core.EntityClient.EntityConnection.Open()
   at System.Data.Entity.Core.Objects.ObjectContext.EnsureConnection(Boolean shouldMonitorTransactions)
   at System.Data.Entity.Core.Objects.ObjectContext.ExecuteInTransaction[T](Func`1 func, IDbExecutionStrategy executionStrategy, Boolean startLocalTransaction, Boolean releaseConnectionOnSuccess)
   at System.Data.Entity.Core.Objects.ObjectQuery`1.<>c__DisplayClass7.<GetResults>b__5()
   at System.Data.Entity.SqlServer.DefaultSqlExecutionStrategy.Execute[TResult](Func`1 operation)
   at System.Data.Entity.Core.Objects.ObjectQuery`1.GetResults(Nullable`1 forMergeOption)
   at System.Data.Entity.Core.Objects.ObjectQuery`1.<System.Collections.Generic.IEnumerable<T>.GetEnumerator>b__0()
   at System.Data.Entity.Internal.LazyEnumerator`1.MoveNext()
   at System.Linq.Enumerable.FirstOrDefault[TSource](IEnumerable`1 source)
   at System.Data.Entity.Core.Objects.ELinq.ObjectQueryProvider.<GetElementFunction>b__1[TResult](IEnumerable`1 sequence)
   at System.Data.Entity.Core.Objects.ELinq.ObjectQueryProvider.ExecuteSingle[TResult](IEnumerable`1 query, Expression queryRoot)
   at System.Data.Entity.Core.Objects.ELinq.ObjectQueryProvider.System.Linq.IQueryProvider.Execute[TResult](Expression expression)
   at System.Data.Entity.Internal.Linq.DbQueryProvider.Execute[TResult](Expression expression)
   at System.Linq.Queryable.FirstOrDefault[TSource](IQueryable`1 source)
   at System.Data.Entity.Internal.EdmMetadataRepository.QueryForModelHash(Func`2 createContext)
   at System.Data.Entity.Internal.InternalContext.QueryForModelHash()
   at System.Data.Entity.Internal.ModelCompatibilityChecker.CompatibleWithModel(InternalContext internalContext, ModelHashCalculator modelHashCalculator, Boolean throwIfNoMetadata, DatabaseExistenceState existenceState)
   at System.Data.Entity.Internal.InternalContext.CompatibleWithModel(Boolean throwIfNoMetadata, DatabaseExistenceState existenceState)
   at System.Data.Entity.CreateDatabaseIfNotExists`1.InitializeDatabase(TContext context)
   at System.Data.Entity.Internal.InternalContext.<>c__DisplayClassf`1.<CreateInitializationAction>b__e()
   at System.Data.Entity.Internal.InternalContext.PerformInitializationAction(Action action)
   --- End of inner exception stack trace ---
   at System.Data.Entity.Internal.InternalContext.PerformInitializationAction(Action action)
   at System.Data.Entity.Internal.InternalContext.PerformDatabaseInitialization()
   at System.Data.Entity.Internal.LazyInternalContext.<InitializeDatabase>b__4(InternalContext c)
   at System.Data.Entity.Internal.RetryAction`1.PerformAction(TInput input)
   at System.Data.Entity.Internal.LazyInternalContext.InitializeDatabaseAction(Action`1 action)
   at System.Data.Entity.Internal.LazyInternalContext.InitializeDatabase()
   at System.Data.Entity.Internal.InternalContext.GetEntitySetAndBaseTypeForType(Type entityType)
   at System.Data.Entity.Internal.Linq.InternalSet`1.Initialize()
   at System.Data.Entity.Internal.Linq.InternalSet`1.get_InternalContext()
   at System.Data.Entity.Infrastructure.DbQuery`1.System.Linq.IQueryable.get_Provider()
   at System.Linq.Queryable.Any[TSource](IQueryable`1 source)
   at LoanOFFER.Web.Models.LoginUserDB.ValidLogin(String UserId, String password, String machineName) in C:\Users\DELL\Source\Repos\329LoanOfferScreenLog\LoanOFFER.Web\Models\LoginUserDB.cs:line 40
2021-05-20 10:54:54.1181 INFO Incorrect login details
2021-05-20 10:55:13.9970 INFO NEW LOGIN
2021-05-20 10:55:19.2819 INFO Signed in User: tella.adesina
2021-05-20 10:55:19.2819 INFO IP Address: ::1
2021-05-20 10:55:19.2819 INFO IP Address: TELLA-PC
2021-05-20 10:55:19.3089 INFO Home Page Loaded: 5/20/2021 10:55:19 AM
2021-05-20 10:55:23.4094 INFO 5/20/2021 10:55:23 AM
2021-05-20 10:55:39.8832 INFO 5/20/2021 10:55:39 AM
2021-05-20 10:55:39.9165 INFO Connection to Simbrella Loan Offer Report was successful!
2021-05-20 10:55:40.5623 INFO  Simbrella Loan Offer Report data fetched from database successfully
2021-05-20 10:55:40.7460 ERROR System.InvalidOperationException: The model backing the 'LoanReportDbContext' context has changed since the database was created. Consider using Code First Migrations to update the database (http://go.microsoft.com/fwlink/?LinkId=238269).
   at System.Data.Entity.CreateDatabaseIfNotExists`1.InitializeDatabase(TContext context)
   at System.Data.Entity.Internal.InternalContext.<>c__DisplayClassf`1.<CreateInitializationAction>b__e()
   at System.Data.Entity.Internal.InternalContext.PerformInitializationAction(Action action)
   at System.Data.Entity.Internal.InternalContext.PerformDatabaseInitialization()
   at System.Data.Entity.Internal.LazyInternalContext.<InitializeDatabase>b__4(InternalContext c)
   at System.Data.Entity.Internal.RetryAction`1.PerformAction(TInput input)
   at System.Data.Entity.Internal.LazyInternalContext.InitializeDatabaseAction(Action`1 action)
   at System.Data.Entity.Internal.LazyInternalContext.InitializeDatabase()
   at System.Data.Entity.Internal.InternalContext.GetEntitySetAndBaseTypeForType(Type entityType)
   at System.Data.Entity.Internal.Linq.InternalSet`1.Initialize()
   at System.Data.Entity.Internal.Linq.InternalSet`1.get_InternalContext()
   at System.Data.Entity.Internal.Linq.InternalSet`1.ActOnSet(Action action, EntityState newState, Object entity, String methodName)
   at System.Data.Entity.Internal.Linq.InternalSet`1.Add(Object entity)
   at System.Data.Entity.DbSet`1.Add(TEntity entity)
   at LoanOFFER.Web.Controllers.SimbrellaReportController.Index(Nullable`1 page, String search) in C:\Users\DELL\Source\Repos\329LoanOfferScreenLog\LoanOFFER.Web\Controllers\SimbrellaReportController.cs:line 113
2021-05-20 10:58:17.2627 INFO NEW LOGIN
2021-05-20 10:58:32.1625 INFO Signed in User: tella.adesina
2021-05-20 10:58:32.1625 INFO IP Address: ::1
2021-05-20 10:58:32.1625 INFO IP Address: TELLA-PC
2021-05-20 10:58:32.1905 INFO Home Page Loaded: 5/20/2021 10:58:32 AM
2021-05-20 10:58:35.0986 INFO 5/20/2021 10:58:35 AM
2021-05-20 10:58:48.4016 INFO 5/20/2021 10:58:48 AM
2021-05-20 10:59:01.7619 INFO Connection to Simbrella Loan Offer Report was successful!
2021-05-20 10:59:43.6952 INFO  Simbrella Loan Offer Report data fetched from database successfully
2021-05-20 11:01:53.7382 INFO NEW LOGIN
2021-05-20 11:02:00.9662 INFO Signed in User: tella.adesina
2021-05-20 11:02:01.3485 INFO IP Address: ::1
2021-05-20 11:02:01.5600 INFO IP Address: TELLA-PC
2021-05-20 11:02:02.2444 INFO Home Page Loaded: 5/20/2021 11:02:02 AM
2021-05-20 11:02:06.0788 INFO 5/20/2021 11:02:06 AM
2021-05-20 11:02:20.9016 INFO 5/20/2021 11:02:20 AM
2021-05-20 11:02:32.5343 INFO Connection to Simbrella Loan Offer Report was successful!
2021-05-20 11:03:14.5162 INFO  Simbrella Loan Offer Report data fetched from database successfully
2021-05-20 11:04:10.3048 INFO NEW LOGIN
2021-05-20 11:04:19.7492 INFO Signed in User: tella.adesina
2021-05-20 11:04:20.3050 INFO IP Address: ::1
2021-05-20 11:04:21.2312 INFO IP Address: TELLA-PC
2021-05-20 11:04:22.7187 INFO Home Page Loaded: 5/20/2021 11:04:22 AM
2021-05-20 11:04:30.5486 INFO 5/20/2021 11:04:30 AM
2021-05-20 11:09:25.2783 INFO NEW LOGIN
2021-05-20 12:23:14.9954 INFO Signed in User: tella.adesina
2021-05-20 12:23:14.9954 INFO IP Address: ::1
2021-05-20 12:23:14.9954 INFO IP Address: TELLA-PC
2021-05-20 12:23:15.2134 INFO NEW LOGIN
2021-05-20 12:23:17.6380 INFO Signed in User: tella.adesina
2021-05-20 12:23:17.6380 INFO IP Address: ::1
2021-05-20 12:23:17.6380 INFO IP Address: TELLA-PC
2021-05-20 12:23:17.6580 INFO Home Page Loaded: 5/20/2021 12:23:17 PM
2021-05-20 12:23:24.6060 INFO 5/20/2021 12:23:24 PM
2021-05-20 12:23:39.0424 INFO 5/20/2021 12:23:39 PM
2021-05-20 12:23:40.9877 INFO Connection to database to fetch Salary Top-Up Plus Loan Offer Report!
2021-05-20 12:23:45.4466 INFO Reader is not null..
2021-05-20 12:23:45.4466 INFO Reader is equal to true..
2021-05-20 12:23:47.5071 INFO  Salary Top-Up Plus Loan Offer Report data fetched from database successfully
2021-05-20 12:23:47.8667 ERROR System.InvalidOperationException: The model backing the 'LoanReportDbContext' context has changed since the database was created. Consider using Code First Migrations to update the database (http://go.microsoft.com/fwlink/?LinkId=238269).
   at System.Data.Entity.CreateDatabaseIfNotExists`1.InitializeDatabase(TContext context)
   at System.Data.Entity.Internal.InternalContext.<>c__DisplayClassf`1.<CreateInitializationAction>b__e()
   at System.Data.Entity.Internal.InternalContext.PerformInitializationAction(Action action)
   at System.Data.Entity.Internal.InternalContext.PerformDatabaseInitialization()
   at System.Data.Entity.Internal.LazyInternalContext.<InitializeDatabase>b__4(InternalContext c)
   at System.Data.Entity.Internal.RetryAction`1.PerformAction(TInput input)
   at System.Data.Entity.Internal.LazyInternalContext.InitializeDatabaseAction(Action`1 action)
   at System.Data.Entity.Internal.LazyInternalContext.InitializeDatabase()
   at System.Data.Entity.Internal.InternalContext.GetEntitySetAndBaseTypeForType(Type entityType)
   at System.Data.Entity.Internal.Linq.InternalSet`1.Initialize()
   at System.Data.Entity.Internal.Linq.InternalSet`1.get_InternalContext()
   at System.Data.Entity.Internal.Linq.InternalSet`1.ActOnSet(Action action, EntityState newState, Object entity, String methodName)
   at System.Data.Entity.Internal.Linq.InternalSet`1.Add(Object entity)
   at System.Data.Entity.DbSet`1.Add(TEntity entity)
   at LoanOFFER.Web.Controllers.SalaryTopUpReportController.Index(Nullable`1 page, String search) in C:\Users\DELL\Source\Repos\329LoanOfferScreenLog\LoanOFFER.Web\Controllers\SalaryTopUpReportController.cs:line 70
